#
# There is insufficient memory for the Java Runtime Environment to continue.
# Native memory allocation (malloc) failed to allocate 32744 bytes for ChunkPool::allocate
# Possible reasons:
#   The system is out of physical RAM or swap space
#   The process is running with CompressedOops enabled, and the Java Heap may be blocking the growth of the native heap
# Possible solutions:
#   Reduce memory load on the system
#   Increase physical memory or swap space
#   Check if swap backing store is full
#   Decrease Java heap size (-Xmx/-Xms)
#   Decrease number of Java threads
#   Decrease Java thread stack sizes (-Xss)
#   Set larger code cache with -XX:ReservedCodeCacheSize=
#   JVM is running with Unscaled Compressed Oops mode in which the Java heap is
#     placed in the first 4GB address space. The Java Heap base address is the
#     maximum limit for the native heap growth. Please use -XX:HeapBaseMinAddress
#     to set the Java Heap base and to place the Java Heap above 4GB virtual address.
# This output file may be truncated or incomplete.
#
#  Out of Memory Error (allocation.cpp:272), pid=22440, tid=0x0000000000004948
#
# JRE version: Java(TM) SE Runtime Environment (8.0_261-b12) (build 1.8.0_261-b12)
# Java VM: Java HotSpot(TM) 64-Bit Server VM (25.261-b12 mixed mode windows-amd64 compressed oops)
# Failed to write core dump. Minidumps are not enabled by default on client versions of Windows
#

---------------  T H R E A D  ---------------

Current thread (0x000001fdfb8da800):  JavaThread "C1 CompilerThread2" daemon [_thread_in_native, id=18760, stack(0x0000009129000000,0x0000009129100000)]

Stack: [0x0000009129000000,0x0000009129100000]
Native frames: (J=compiled Java code, j=interpreted, Vv=VM code, C=native code)
V  [jvm.dll+0x33e5f9]
V  [jvm.dll+0x2850e2]
V  [jvm.dll+0x285d8d]
V  [jvm.dll+0x27c895]
V  [jvm.dll+0xe520d]
V  [jvm.dll+0xe556c]
V  [jvm.dll+0x3f33f4]
V  [jvm.dll+0x400fd4]
V  [jvm.dll+0x400aac]
V  [jvm.dll+0x3f81d5]
V  [jvm.dll+0x3fa660]
V  [jvm.dll+0x3f894c]
V  [jvm.dll+0x4014ec]
V  [jvm.dll+0x400aac]
V  [jvm.dll+0x3f81d5]
V  [jvm.dll+0x3fa660]
V  [jvm.dll+0x3f8a44]
V  [jvm.dll+0x3f29e6]
V  [jvm.dll+0x40562c]
V  [jvm.dll+0x4053a2]
V  [jvm.dll+0x3ef408]
V  [jvm.dll+0x3ef72e]
V  [jvm.dll+0x3ef99e]
V  [jvm.dll+0x3ef0f1]
V  [jvm.dll+0x3f0b2f]
V  [jvm.dll+0xbbbcb]
V  [jvm.dll+0xba22b]
V  [jvm.dll+0x24d962]
V  [jvm.dll+0x2a1cfc]
C  [ucrtbase.dll+0x21bb2]
C  [KERNEL32.DLL+0x17034]
C  [ntdll.dll+0x52651]


Current CompileTask:
C1:  31558 1726       3       io.netty.handler.codec.http.DefaultHttpHeaders$HeaderValueConverterAndValidator::validateValueChar (295 bytes)


---------------  P R O C E S S  ---------------

Java Threads: ( => current thread )
  0x000001fde6a38000 JavaThread "DestroyJavaVM" [_thread_blocked, id=21480, stack(0x0000009128400000,0x0000009128500000)]
  0x000001fdfde5d000 JavaThread "AsyncHttpClient-3-2" [_thread_in_native, id=15112, stack(0x0000009129b00000,0x0000009129c00000)]
  0x000001fdfb9c7800 JavaThread "AsyncHttpClient-3-1" [_thread_in_native, id=3552, stack(0x0000009129c00000,0x0000009129d00000)]
  0x000001fdfdb75000 JavaThread "Exec Stream Pumper" daemon [_thread_in_native, id=1296, stack(0x0000009129900000,0x0000009129a00000)]
  0x000001fdfe206800 JavaThread "Exec Stream Pumper" daemon [_thread_in_native, id=21548, stack(0x0000009129800000,0x0000009129900000)]
  0x000001fdfd22d000 JavaThread "UrlChecker-2" daemon [_thread_blocked, id=13024, stack(0x0000009129700000,0x0000009129800000)]
  0x000001fdfe032000 JavaThread "ForkJoinPool.commonPool-worker-2" daemon [_thread_blocked, id=2500, stack(0x0000009129600000,0x0000009129700000)]
  0x000001fdfddc2000 JavaThread "Exec Default Executor" daemon [_thread_in_native, id=20892, stack(0x0000009129500000,0x0000009129600000)]
  0x000001fdfd48b000 JavaThread "AsyncHttpClient-timer-1-1" [_thread_blocked, id=21176, stack(0x0000009129400000,0x0000009129500000)]
  0x000001fdfe2d1800 JavaThread "ForkJoinPool.commonPool-worker-1" daemon [_thread_blocked, id=3792, stack(0x0000009129300000,0x0000009129400000)]
  0x000001fdfb95c800 JavaThread "Service Thread" daemon [_thread_blocked, id=7020, stack(0x0000009129100000,0x0000009129200000)]
=>0x000001fdfb8da800 JavaThread "C1 CompilerThread2" daemon [_thread_in_native, id=18760, stack(0x0000009129000000,0x0000009129100000)]
  0x000001fdfb8cf800 JavaThread "C2 CompilerThread1" daemon [_thread_blocked, id=13404, stack(0x0000009128f00000,0x0000009129000000)]
  0x000001fdfb8c5800 JavaThread "C2 CompilerThread0" daemon [_thread_in_native, id=18268, stack(0x0000009128e00000,0x0000009128f00000)]
  0x000001fdfb8c4800 JavaThread "Attach Listener" daemon [_thread_blocked, id=22120, stack(0x0000009128d00000,0x0000009128e00000)]
  0x000001fdfb8cc800 JavaThread "Signal Dispatcher" daemon [_thread_blocked, id=21464, stack(0x0000009128c00000,0x0000009128d00000)]
  0x000001fdfb8a8000 JavaThread "Finalizer" daemon [_thread_blocked, id=22256, stack(0x0000009128b00000,0x0000009128c00000)]
  0x000001fdfb87e800 JavaThread "Reference Handler" daemon [_thread_blocked, id=18100, stack(0x0000009128a00000,0x0000009128b00000)]

Other Threads:
  0x000001fdfb875800 VMThread [stack: 0x0000009128900000,0x0000009128a00000] [id=5828]
  0x000001fdfb980000 WatcherThread [stack: 0x0000009129200000,0x0000009129300000] [id=21740]

VM state:not at safepoint (normal execution)

VM Mutex/Monitor currently owned by a thread: None

OutOfMemory and StackOverflow Exception counts:
OutOfMemoryError java_heap_errors=4

heap address: 0x00000000a2000000, size: 1504 MB, Compressed Oops mode: 32-bit
Narrow klass base: 0x0000000000000000, Narrow klass shift: 3
Compressed class space size: 1073741824 Address: 0x0000000100000000

Heap:
 PSYoungGen      total 50688K, used 3723K [0x00000000e0b00000, 0x00000000e4900000, 0x0000000100000000)
  eden space 45056K, 5% used [0x00000000e0b00000,0x00000000e0d68ad0,0x00000000e3700000)
  from space 5632K, 22% used [0x00000000e4380000,0x00000000e44ba298,0x00000000e4900000)
  to   space 9216K, 0% used [0x00000000e3700000,0x00000000e3700000,0x00000000e4000000)
 ParOldGen       total 42496K, used 25186K [0x00000000a2000000, 0x00000000a4980000, 0x00000000e0b00000)
  object space 42496K, 59% used [0x00000000a2000000,0x00000000a3898a80,0x00000000a4980000)
 Metaspace       used 21787K, capacity 22562K, committed 22832K, reserved 1069056K
  class space    used 2709K, capacity 2921K, committed 2944K, reserved 1048576K

Card table byte_map: [0x000001fdf77e0000,0x000001fdf7ae0000] byte_map_base: 0x000001fdf72d0000

Marking Bits: (ParMarkBitMap*) 0x0000000051e64fb0
 Begin Bits: [0x000001fdf7ce0000, 0x000001fdf9460000)
 End Bits:   [0x000001fdf9460000, 0x000001fdfabe0000)

Polling page: 0x000001fde69e0000

CodeCache: size=245760Kb used=5942Kb max_used=5942Kb free=239817Kb
 bounds [0x000001fde8420000, 0x000001fde8a00000, 0x000001fdf7420000]
 total_blobs=2174 nmethods=1705 adapters=381
 compilation: enabled

Compilation events (10 events):
Event: 27.676 Thread 0x000001fdfb8da800 1720       3       java.lang.invoke.MethodHandle::asTypeCached (21 bytes)
Event: 27.677 Thread 0x000001fdfb8da800 nmethod 1720 0x000001fde89e7950 code [0x000001fde89e7ac0, 0x000001fde89e7cb8]
Event: 30.004 Thread 0x000001fdfb8da800 1722       3       java.util.concurrent.atomic.AtomicIntegerFieldUpdater$AtomicIntegerFieldUpdaterImpl::get (17 bytes)
Event: 30.005 Thread 0x000001fdfb8da800 nmethod 1722 0x000001fde89e73d0 code [0x000001fde89e7540, 0x000001fde89e7830]
Event: 30.081 Thread 0x000001fdfb8da800 1723       3       io.netty.util.HashedWheelTimer::access$900 (5 bytes)
Event: 30.082 Thread 0x000001fdfb8da800 nmethod 1723 0x000001fde89e9510 code [0x000001fde89e9660, 0x000001fde89e9798]
Event: 31.109 Thread 0x000001fdfb8da800 1724       3       java.util.regex.Pattern$GroupTail::match (111 bytes)
Event: 31.110 Thread 0x000001fdfb8da800 nmethod 1724 0x000001fde89e8cd0 code [0x000001fde89e8e60, 0x000001fde89e9230]
Event: 31.110 Thread 0x000001fdfb8c5800 1725       4       java.util.jar.JarFile::maybeInstantiateVerifier (96 bytes)
Event: 31.115 Thread 0x000001fdfb8da800 1726       3       io.netty.handler.codec.http.DefaultHttpHeaders$HeaderValueConverterAndValidator::validateValueChar (295 bytes)

GC Heap History (10 events):
Event: 7.606 GC heap before
{Heap before GC invocations=3 (full 0):
 PSYoungGen      total 28160K, used 28128K [0x00000000e0b00000, 0x00000000e2a00000, 0x0000000100000000)
  eden space 24576K, 100% used [0x00000000e0b00000,0x00000000e2300000,0x00000000e2300000)
  from space 3584K, 99% used [0x00000000e2680000,0x00000000e29f8030,0x00000000e2a00000)
  to   space 3584K, 0% used [0x00000000e2300000,0x00000000e2300000,0x00000000e2680000)
 ParOldGen       total 64512K, used 4626K [0x00000000a2000000, 0x00000000a5f00000, 0x00000000e0b00000)
  object space 64512K, 7% used [0x00000000a2000000,0x00000000a2484910,0x00000000a5f00000)
 Metaspace       used 16471K, capacity 16794K, committed 17152K, reserved 1064960K
  class space    used 1868K, capacity 1991K, committed 2048K, reserved 1048576K
Event: 7.621 GC heap after
Heap after GC invocations=3 (full 0):
 PSYoungGen      total 28160K, used 3574K [0x00000000e0b00000, 0x00000000e2a00000, 0x0000000100000000)
  eden space 24576K, 0% used [0x00000000e0b00000,0x00000000e0b00000,0x00000000e2300000)
  from space 3584K, 99% used [0x00000000e2300000,0x00000000e267da58,0x00000000e2680000)
  to   space 3584K, 0% used [0x00000000e2680000,0x00000000e2680000,0x00000000e2a00000)
 ParOldGen       total 64512K, used 8157K [0x00000000a2000000, 0x00000000a5f00000, 0x00000000e0b00000)
  object space 64512K, 12% used [0x00000000a2000000,0x00000000a27f76d0,0x00000000a5f00000)
 Metaspace       used 16471K, capacity 16794K, committed 17152K, reserved 1064960K
  class space    used 1868K, capacity 1991K, committed 2048K, reserved 1048576K
}
Event: 12.062 GC heap before
{Heap before GC invocations=4 (full 0):
 PSYoungGen      total 28160K, used 28150K [0x00000000e0b00000, 0x00000000e2a00000, 0x0000000100000000)
  eden space 24576K, 100% used [0x00000000e0b00000,0x00000000e2300000,0x00000000e2300000)
  from space 3584K, 99% used [0x00000000e2300000,0x00000000e267da58,0x00000000e2680000)
  to   space 3584K, 0% used [0x00000000e2680000,0x00000000e2680000,0x00000000e2a00000)
 ParOldGen       total 64512K, used 8157K [0x00000000a2000000, 0x00000000a5f00000, 0x00000000e0b00000)
  object space 64512K, 12% used [0x00000000a2000000,0x00000000a27f76d0,0x00000000a5f00000)
 Metaspace       used 20333K, capacity 21090K, committed 21120K, reserved 1067008K
  class space    used 2465K, capacity 2669K, committed 2688K, reserved 1048576K
Event: 12.075 GC heap after
Heap after GC invocations=4 (full 0):
 PSYoungGen      total 28160K, used 3568K [0x00000000e0b00000, 0x00000000e2a00000, 0x0000000100000000)
  eden space 24576K, 0% used [0x00000000e0b00000,0x00000000e0b00000,0x00000000e2300000)
  from space 3584K, 99% used [0x00000000e2680000,0x00000000e29fc060,0x00000000e2a00000)
  to   space 3584K, 0% used [0x00000000e2300000,0x00000000e2300000,0x00000000e2680000)
 ParOldGen       total 64512K, used 11133K [0x00000000a2000000, 0x00000000a5f00000, 0x00000000e0b00000)
  object space 64512K, 17% used [0x00000000a2000000,0x00000000a2adf7e0,0x00000000a5f00000)
 Metaspace       used 20333K, capacity 21090K, committed 21120K, reserved 1067008K
  class space    used 2465K, capacity 2669K, committed 2688K, reserved 1048576K
}
Event: 12.128 GC heap before
{Heap before GC invocations=5 (full 0):
 PSYoungGen      total 28160K, used 4909K [0x00000000e0b00000, 0x00000000e2a00000, 0x0000000100000000)
  eden space 24576K, 5% used [0x00000000e0b00000,0x00000000e0c4f650,0x00000000e2300000)
  from space 3584K, 99% used [0x00000000e2680000,0x00000000e29fc060,0x00000000e2a00000)
  to   space 3584K, 0% used [0x00000000e2300000,0x00000000e2300000,0x00000000e2680000)
 ParOldGen       total 64512K, used 11133K [0x00000000a2000000, 0x00000000a5f00000, 0x00000000e0b00000)
  object space 64512K, 17% used [0x00000000a2000000,0x00000000a2adf7e0,0x00000000a5f00000)
 Metaspace       used 20506K, capacity 21218K, committed 21296K, reserved 1069056K
  class space    used 2489K, capacity 2669K, committed 2688K, reserved 1048576K
Event: 12.141 GC heap after
Heap after GC invocations=5 (full 0):
 PSYoungGen      total 28160K, used 3558K [0x00000000e0b00000, 0x00000000e4c00000, 0x0000000100000000)
  eden space 24576K, 0% used [0x00000000e0b00000,0x00000000e0b00000,0x00000000e2300000)
  from space 3584K, 99% used [0x00000000e2300000,0x00000000e2679a78,0x00000000e2680000)
  to   space 8704K, 0% used [0x00000000e4380000,0x00000000e4380000,0x00000000e4c00000)
 ParOldGen       total 64512K, used 11306K [0x00000000a2000000, 0x00000000a5f00000, 0x00000000e0b00000)
  object space 64512K, 17% used [0x00000000a2000000,0x00000000a2b0aa48,0x00000000a5f00000)
 Metaspace       used 20506K, capacity 21218K, committed 21296K, reserved 1069056K
  class space    used 2489K, capacity 2669K, committed 2688K, reserved 1048576K
}
Event: 12.141 GC heap before
{Heap before GC invocations=6 (full 1):
 PSYoungGen      total 28160K, used 3558K [0x00000000e0b00000, 0x00000000e4c00000, 0x0000000100000000)
  eden space 24576K, 0% used [0x00000000e0b00000,0x00000000e0b00000,0x00000000e2300000)
  from space 3584K, 99% used [0x00000000e2300000,0x00000000e2679a78,0x00000000e2680000)
  to   space 8704K, 0% used [0x00000000e4380000,0x00000000e4380000,0x00000000e4c00000)
 ParOldGen       total 64512K, used 11306K [0x00000000a2000000, 0x00000000a5f00000, 0x00000000e0b00000)
  object space 64512K, 17% used [0x00000000a2000000,0x00000000a2b0aa48,0x00000000a5f00000)
 Metaspace       used 20506K, capacity 21218K, committed 21296K, reserved 1069056K
  class space    used 2489K, capacity 2669K, committed 2688K, reserved 1048576K
Event: 12.245 GC heap after
Heap after GC invocations=6 (full 1):
 PSYoungGen      total 28160K, used 0K [0x00000000e0b00000, 0x00000000e4c00000, 0x0000000100000000)
  eden space 24576K, 0% used [0x00000000e0b00000,0x00000000e0b00000,0x00000000e2300000)
  from space 3584K, 0% used [0x00000000e2300000,0x00000000e2300000,0x00000000e2680000)
  to   space 8704K, 0% used [0x00000000e4380000,0x00000000e4380000,0x00000000e4c00000)
 ParOldGen       total 42496K, used 8794K [0x00000000a2000000, 0x00000000a4980000, 0x00000000e0b00000)
  object space 42496K, 20% used [0x00000000a2000000,0x00000000a2896a70,0x00000000a4980000)
 Metaspace       used 20506K, capacity 21218K, committed 21296K, reserved 1069056K
  class space    used 2489K, capacity 2669K, committed 2688K, reserved 1048576K
}
Event: 22.715 GC heap before
{Heap before GC invocations=7 (full 1):
 PSYoungGen      total 28160K, used 24576K [0x00000000e0b00000, 0x00000000e4c00000, 0x0000000100000000)
  eden space 24576K, 100% used [0x00000000e0b00000,0x00000000e2300000,0x00000000e2300000)
  from space 3584K, 0% used [0x00000000e2300000,0x00000000e2300000,0x00000000e2680000)
  to   space 8704K, 0% used [0x00000000e4380000,0x00000000e4380000,0x00000000e4c00000)
 ParOldGen       total 42496K, used 8794K [0x00000000a2000000, 0x00000000a4980000, 0x00000000e0b00000)
  object space 42496K, 20% used [0x00000000a2000000,0x00000000a2896a70,0x00000000a4980000)
 Metaspace       used 21523K, capacity 22300K, committed 22576K, reserved 1069056K
  class space    used 2668K, capacity 2876K, committed 2944K, reserved 1048576K
Event: 22.749 GC heap after
Heap after GC invocations=7 (full 1):
 PSYoungGen      total 50688K, used 1256K [0x00000000e0b00000, 0x00000000e4900000, 0x0000000100000000)
  eden space 45056K, 0% used [0x00000000e0b00000,0x00000000e0b00000,0x00000000e3700000)
  from space 5632K, 22% used [0x00000000e4380000,0x00000000e44ba298,0x00000000e4900000)
  to   space 9216K, 0% used [0x00000000e3700000,0x00000000e3700000,0x00000000e4000000)
 ParOldGen       total 42496K, used 25186K [0x00000000a2000000, 0x00000000a4980000, 0x00000000e0b00000)
  object space 42496K, 59% used [0x00000000a2000000,0x00000000a3898a80,0x00000000a4980000)
 Metaspace       used 21523K, capacity 22300K, committed 22576K, reserved 1069056K
  class space    used 2668K, capacity 2876K, committed 2944K, reserved 1048576K
}

Deoptimization events (10 events):
Event: 9.177 Thread 0x000001fde6a38000 Uncommon trap: reason=class_check action=maybe_recompile pc=0x000001fde87ed504 method=java.util.regex.Matcher.search(I)Z @ 86
Event: 9.178 Thread 0x000001fde6a38000 Uncommon trap: reason=class_check action=maybe_recompile pc=0x000001fde87ed504 method=java.util.regex.Matcher.search(I)Z @ 86
Event: 9.480 Thread 0x000001fde6a38000 Uncommon trap: reason=unstable_if action=reinterpret pc=0x000001fde88ea228 method=java.util.regex.Pattern$BmpCharProperty.match(Ljava/util/regex/Matcher;ILjava/lang/CharSequence;)Z @ 34
Event: 22.603 Thread 0x000001fde6a38000 Uncommon trap: reason=class_check action=maybe_recompile pc=0x000001fde899e1c4 method=org.openqa.selenium.json.Input.init()V @ 18
Event: 22.604 Thread 0x000001fde6a38000 Uncommon trap: reason=class_check action=maybe_recompile pc=0x000001fde899e1c4 method=org.openqa.selenium.json.Input.init()V @ 18
Event: 22.604 Thread 0x000001fde6a38000 Uncommon trap: reason=class_check action=maybe_recompile pc=0x000001fde899e1c4 method=org.openqa.selenium.json.Input.init()V @ 18
Event: 22.604 Thread 0x000001fde6a38000 Uncommon trap: reason=class_check action=maybe_recompile pc=0x000001fde899e1c4 method=org.openqa.selenium.json.Input.init()V @ 18
Event: 22.644 Thread 0x000001fde6a38000 Uncommon trap: reason=class_check action=maybe_recompile pc=0x000001fde889da80 method=java.util.HashMap.putVal(ILjava/lang/Object;Ljava/lang/Object;ZZ)Ljava/lang/Object; @ 253
Event: 22.648 Thread 0x000001fde6a38000 Uncommon trap: reason=unstable_if action=reinterpret pc=0x000001fde8846ae0 method=java.util.concurrent.ConcurrentHashMap.putVal(Ljava/lang/Object;Ljava/lang/Object;Z)Ljava/lang/Object; @ 181
Event: 27.650 Thread 0x000001fdfe032000 Uncommon trap: reason=class_check action=maybe_recompile pc=0x000001fde889da80 method=java.util.HashMap.putVal(ILjava/lang/Object;Ljava/lang/Object;ZZ)Ljava/lang/Object; @ 253

Classes redefined (0 events):
No events

Internal exceptions (10 events):
Event: 8.509 Thread 0x000001fde6a38000 Exception <a 'java/lang/NoSuchMethodError': java.lang.Object.lambda$chars$0()Ljava/util/Spliterator$OfInt;> (0x00000000e1041d30) thrown at [C:\jenkins\workspace\8-2-build-windows-amd64-cygwin\jdk8u261\295\hotspot\src\share\vm\interpreter\linkResolver.cpp,
Event: 12.291 Thread 0x000001fdfb9c7800 Exception <a 'java/lang/ArrayIndexOutOfBoundsException'> (0x00000000e0c1e7d0) thrown at [C:\jenkins\workspace\8-2-build-windows-amd64-cygwin\jdk8u261\295\hotspot\src\share\vm\runtime\sharedRuntime.cpp, line 605]
Event: 12.291 Thread 0x000001fdfb9c7800 Exception <a 'java/lang/ArrayIndexOutOfBoundsException'> (0x00000000e0c1fff8) thrown at [C:\jenkins\workspace\8-2-build-windows-amd64-cygwin\jdk8u261\295\hotspot\src\share\vm\runtime\sharedRuntime.cpp, line 605]
Event: 12.295 Thread 0x000001fdfb9c7800 Exception <a 'java/lang/ArrayIndexOutOfBoundsException'> (0x00000000e0c23750) thrown at [C:\jenkins\workspace\8-2-build-windows-amd64-cygwin\jdk8u261\295\hotspot\src\share\vm\runtime\sharedRuntime.cpp, line 605]
Event: 12.295 Thread 0x000001fdfb9c7800 Exception <a 'java/lang/ArrayIndexOutOfBoundsException'> (0x00000000e0c248c8) thrown at [C:\jenkins\workspace\8-2-build-windows-amd64-cygwin\jdk8u261\295\hotspot\src\share\vm\runtime\sharedRuntime.cpp, line 605]
Event: 22.630 Thread 0x000001fde6a38000 Exception <a 'java/lang/NoSuchMethodError': java.lang.Object.lambda$getResponseFunction$0(Lorg/openqa/selenium/remote/InitialHandshakeResponse;)Lorg/openqa/selenium/remote/ProtocolHandshake$Result;> (0x00000000e2185fe0) thrown at [C:\jenkins\workspace\8-2
Event: 22.786 Thread 0x000001fdfde5d000 Exception <a 'java/lang/OutOfMemoryError'> (0x00000000e0bed378) thrown at [C:\jenkins\workspace\8-2-build-windows-amd64-cygwin\jdk8u261\295\hotspot\src\share\vm\prims\unsafe.cpp, line 618]
Event: 22.787 Thread 0x000001fdfde5d000 Exception <a 'java/lang/OutOfMemoryError'> (0x00000000e0bed378) thrown at [C:\jenkins\workspace\8-2-build-windows-amd64-cygwin\jdk8u261\295\hotspot\src\share\vm\prims\jni.cpp, line 710]
Event: 31.120 Thread 0x000001fde6a38000 Exception <a 'java/lang/OutOfMemoryError'> (0x00000000e0c92d38) thrown at [C:\jenkins\workspace\8-2-build-windows-amd64-cygwin\jdk8u261\295\hotspot\src\share\vm\prims\jni.cpp, line 737]
Event: 31.120 Thread 0x000001fde6a38000 Exception <a 'java/lang/OutOfMemoryError'> (0x00000000e0c92d38) thrown at [C:\jenkins\workspace\8-2-build-windows-amd64-cygwin\jdk8u261\295\hotspot\src\share\vm\prims\jvm.cpp, line 1516]

Events (10 events):
Event: 27.660 Executing VM operation: RevokeBias
Event: 27.660 Executing VM operation: RevokeBias done
Event: 31.109 loading class org/openqa/selenium/internal/Require$ArgumentChecker
Event: 31.109 loading class org/openqa/selenium/internal/Require$ArgumentChecker done
Event: 31.118 Executing VM operation: RevokeBias
Event: 31.118 Executing VM operation: RevokeBias done
Event: 31.118 loading class io/netty/channel/AbstractChannelHandlerContext$WriteTask
Event: 31.118 loading class io/netty/channel/AbstractChannelHandlerContext$WriteTask done
Event: 31.120 loading class com/google/common/base/Throwables
Event: 31.120 loading class com/google/common/base/Throwables done


Dynamic libraries:
0x00007ff7f21f0000 - 0x00007ff7f2237000 	C:\Program Files\Java\jre1.8.0_261\bin\javaw.exe
0x00007ff93fff0000 - 0x00007ff9401e5000 	C:\WINDOWS\SYSTEM32\ntdll.dll
0x00007ff93e6e0000 - 0x00007ff93e79d000 	C:\WINDOWS\System32\KERNEL32.DLL
0x00007ff93da40000 - 0x00007ff93dd08000 	C:\WINDOWS\System32\KERNELBASE.dll
0x00007ff93ee60000 - 0x00007ff93ef0c000 	C:\WINDOWS\System32\ADVAPI32.dll
0x00007ff93edc0000 - 0x00007ff93ee5e000 	C:\WINDOWS\System32\msvcrt.dll
0x00007ff93ebc0000 - 0x00007ff93ec5b000 	C:\WINDOWS\System32\sechost.dll
0x00007ff93e0e0000 - 0x00007ff93e20b000 	C:\WINDOWS\System32\RPCRT4.dll
0x00007ff93fde0000 - 0x00007ff93ff80000 	C:\WINDOWS\System32\USER32.dll
0x00007ff93d730000 - 0x00007ff93d752000 	C:\WINDOWS\System32\win32u.dll
0x00007ff93ed90000 - 0x00007ff93edba000 	C:\WINDOWS\System32\GDI32.dll
0x00007ff93df40000 - 0x00007ff93e04b000 	C:\WINDOWS\System32\gdi32full.dll
0x00007ff93dea0000 - 0x00007ff93df3d000 	C:\WINDOWS\System32\msvcp_win.dll
0x00007ff93dd10000 - 0x00007ff93de10000 	C:\WINDOWS\System32\ucrtbase.dll
0x00007ff929b60000 - 0x00007ff929dfa000 	C:\WINDOWS\WinSxS\amd64_microsoft.windows.common-controls_6595b64144ccf1df_6.0.19041.844_none_ca00b6081b84eb1d\COMCTL32.dll
0x00007ff93ff80000 - 0x00007ff93ffb0000 	C:\WINDOWS\System32\IMM32.DLL
0x00007ff9391d0000 - 0x00007ff9391e5000 	C:\Program Files\Java\jre1.8.0_261\bin\vcruntime140.dll
0x00007ff91ea90000 - 0x00007ff91eb2b000 	C:\Program Files\Java\jre1.8.0_261\bin\msvcp140.dll
0x0000000051670000 - 0x0000000051edc000 	C:\Program Files\Java\jre1.8.0_261\bin\server\jvm.dll
0x00007ff93e060000 - 0x00007ff93e068000 	C:\WINDOWS\System32\PSAPI.DLL
0x00007ff9392e0000 - 0x00007ff9392e9000 	C:\WINDOWS\SYSTEM32\WSOCK32.dll
0x00007ff93e070000 - 0x00007ff93e0db000 	C:\WINDOWS\System32\WS2_32.dll
0x00007ff931410000 - 0x00007ff931437000 	C:\WINDOWS\SYSTEM32\WINMM.dll
0x00007ff931440000 - 0x00007ff93144a000 	C:\WINDOWS\SYSTEM32\VERSION.dll
0x00007ff93b5a0000 - 0x00007ff93b5b2000 	C:\WINDOWS\SYSTEM32\kernel.appcore.dll
0x00007ff9391c0000 - 0x00007ff9391d0000 	C:\Program Files\Java\jre1.8.0_261\bin\verify.dll
0x00007ff933ea0000 - 0x00007ff933ecb000 	C:\Program Files\Java\jre1.8.0_261\bin\java.dll
0x00007ff933e80000 - 0x00007ff933e98000 	C:\Program Files\Java\jre1.8.0_261\bin\zip.dll
0x00007ff93f090000 - 0x00007ff93f7d2000 	C:\WINDOWS\System32\SHELL32.dll
0x00007ff93b880000 - 0x00007ff93c010000 	C:\WINDOWS\SYSTEM32\windows.storage.dll
0x00007ff93e7a0000 - 0x00007ff93eaf5000 	C:\WINDOWS\System32\combase.dll
0x00007ff93d0d0000 - 0x00007ff93d0fc000 	C:\WINDOWS\SYSTEM32\Wldp.dll
0x00007ff93fb80000 - 0x00007ff93fc2e000 	C:\WINDOWS\System32\SHCORE.dll
0x00007ff93ef10000 - 0x00007ff93ef65000 	C:\WINDOWS\System32\shlwapi.dll
0x00007ff93d670000 - 0x00007ff93d68f000 	C:\WINDOWS\SYSTEM32\profapi.dll
0x00007ff92f540000 - 0x00007ff92f564000 	C:\Program Files\Java\jre1.8.0_261\bin\sunec.dll
0x00007ff933e60000 - 0x00007ff933e7c000 	C:\Program Files\Java\jre1.8.0_261\bin\net.dll
0x00007ff93ce40000 - 0x00007ff93ceaa000 	C:\WINDOWS\system32\mswsock.dll
0x00007ff93cb30000 - 0x00007ff93cb6b000 	C:\WINDOWS\SYSTEM32\IPHLPAPI.DLL
0x00007ff93e050000 - 0x00007ff93e058000 	C:\WINDOWS\System32\NSI.dll
0x00007ff932ad0000 - 0x00007ff932ae7000 	C:\WINDOWS\SYSTEM32\dhcpcsvc6.DLL
0x00007ff933550000 - 0x00007ff93356d000 	C:\WINDOWS\SYSTEM32\dhcpcsvc.DLL
0x00007ff93cb70000 - 0x00007ff93cc3c000 	C:\WINDOWS\SYSTEM32\DNSAPI.dll
0x00007ff9308c0000 - 0x00007ff9308d3000 	C:\Program Files\Java\jre1.8.0_261\bin\nio.dll
0x00007ff93d020000 - 0x00007ff93d038000 	C:\WINDOWS\SYSTEM32\CRYPTSP.dll
0x00007ff93c7e0000 - 0x00007ff93c814000 	C:\WINDOWS\system32\rsaenh.dll
0x00007ff93de70000 - 0x00007ff93de97000 	C:\WINDOWS\System32\bcrypt.dll
0x00007ff93d5f0000 - 0x00007ff93d61e000 	C:\WINDOWS\SYSTEM32\USERENV.dll
0x00007ff93d760000 - 0x00007ff93d7e0000 	C:\WINDOWS\System32\bcryptprimitives.dll
0x00007ff93d010000 - 0x00007ff93d01c000 	C:\WINDOWS\SYSTEM32\CRYPTBASE.dll
0x00007ff931400000 - 0x00007ff93140a000 	C:\Windows\System32\rasadhlp.dll
0x00007ff931480000 - 0x00007ff9314ff000 	C:\WINDOWS\System32\fwpuclnt.dll
0x00007ff930860000 - 0x00007ff93086d000 	C:\Program Files\Java\jre1.8.0_261\bin\management.dll
0x00007ff933880000 - 0x00007ff933897000 	C:\WINDOWS\system32\napinsp.dll
0x00007ff933860000 - 0x00007ff93387b000 	C:\WINDOWS\system32\pnrpnsp.dll
0x00007ff9380b0000 - 0x00007ff9380c5000 	C:\WINDOWS\system32\wshbth.dll
0x00007ff9391a0000 - 0x00007ff9391bd000 	C:\WINDOWS\system32\NLAapi.dll
0x00007ff933840000 - 0x00007ff933852000 	C:\WINDOWS\System32\winrnr.dll
0x00007ff92b730000 - 0x00007ff92b914000 	C:\WINDOWS\SYSTEM32\dbghelp.dll

VM Arguments:
jvm_args: -Dfile.encoding=Cp1252 
java_command: SeleniumPracInterviewPreps.Resultcount
java_class_path (initial): C:\Program Files\Java\jre1.8.0_261\lib\resources.jar;C:\Program Files\Java\jre1.8.0_261\lib\rt.jar;C:\Program Files\Java\jre1.8.0_261\lib\jsse.jar;C:\Program Files\Java\jre1.8.0_261\lib\jce.jar;C:\Program Files\Java\jre1.8.0_261\lib\charsets.jar;C:\Program Files\Java\jre1.8.0_261\lib\jfr.jar;C:\Program Files\Java\jre1.8.0_261\lib\ext\access-bridge-64.jar;C:\Program Files\Java\jre1.8.0_261\lib\ext\cldrdata.jar;C:\Program Files\Java\jre1.8.0_261\lib\ext\dnsns.jar;C:\Program Files\Java\jre1.8.0_261\lib\ext\jaccess.jar;C:\Program Files\Java\jre1.8.0_261\lib\ext\jfxrt.jar;C:\Program Files\Java\jre1.8.0_261\lib\ext\localedata.jar;C:\Program Files\Java\jre1.8.0_261\lib\ext\nashorn.jar;C:\Program Files\Java\jre1.8.0_261\lib\ext\sunec.jar;C:\Program Files\Java\jre1.8.0_261\lib\ext\sunjce_provider.jar;C:\Program Files\Java\jre1.8.0_261\lib\ext\sunmscapi.jar;C:\Program Files\Java\jre1.8.0_261\lib\ext\sunpkcs11.jar;C:\Program Files\Java\jre1.8.0_261\lib\ext\zipfs.jar;E:\Batch251Selenium\Selenium1\seleniumPrac\project\target\test-classes;E:\Batch251Selenium\Selenium1\seleniumPrac\project\target\classes;E:\Batch251Selenium\eclipse-java-photon-R-win32-x86_64\eclipse\plugins\org.testng_7.3.0.r202008060316.jar;E:\Batch251Selenium\eclipse-java-photon-R-win32-x86_64\eclipse\plugins\com.beust.jcommander_1.78.0.jar;E:\Batch251Selenium\eclipse-java-photon-R-win32-x86_64\eclipse\plugins\org.apache-extras.beanshell.bsh_2.0.0.b6.jar;E:\Batch251Selenium\eclipse-java-photon-R-win32-x86_64\eclipse\plugins\org.yaml.snakeyaml_1.21.0.jar;C:\Users\Neha\.m2\repository\org\seleniumhq\selenium\selenium-java\4.0.0-alpha-6\selenium-java-4.0.0-alpha-6.jar;C:\Users\Neha\.m2\repository\org\seleniumhq\selenium\selenium-api\4.0.0-alpha-6\selenium-api-4.0.0-alpha-6.jar;C:\Users\Neha\.m2\repository\org\seleniumhq\selenium\selenium-chrome-driver\4.0.0-alpha-6\selenium-chrome-driver-4.0.0-alpha-6.jar;C:\Users\Neha\.m2\repository\com\google\auto\service\auto-service-annotations\1.0-r
Launcher Type: SUN_STANDARD

Environment Variables:
JAVA_HOME=C:\Program Files\Java\jdk-12.0.1
PATH=C:/Program Files/Java/jre1.8.0_261/bin/server;C:/Program Files/Java/jre1.8.0_261/bin;C:/Program Files/Java/jre1.8.0_261/lib/amd64;C:\Program Files (x86)\Common Files\Oracle\Java\javapath;C:\WINDOWS\system32;C:\WINDOWS;C:\WINDOWS\System32\Wbem;C:\WINDOWS\System32\WindowsPowerShell\v1.0\;C:\Program Files\Java\jdk-12.0.1;C:\Program Files\Java\jdk-12.0.1\bin;C:\WINDOWS\System32\OpenSSH\;C:\strawberry\c\bin;C:\strawberry\perl\bin;C:\Users\Neha\AppData\Local\Android\Sdk\tools\bin;C:\Users\Neha\AppData\Local\Android\Sdk\tools;C:\Users\Neha\AppData\Local\Android\Sdk\platform-tools;C:\Program Files\nodejs\node_modules\npm\bin;C:\Users\Neha\Downloads\apache-maven-3.6.2-src;C:\Users\Neha\Downloads\apache-maven-3.6.2-bin\apache-maven-3.6.2\bin;C:\Users\Neha\Desktop\Maven\apache-maven-3.6.2\bin;C:\Users\Neha\Downloads\apache-ant-1.9.14-bin\apache-ant-1.9.14\bin;C:\Users\Neha\Desktop\Selenium\apache-maven-3.6.3-bin\apache-maven-3.6.3\bin;C:\Users\Neha\Desktop\Selenium\;C:\Program Files (x86)\Java\jre1.8.0_251;C:\Program Files\Java\jdk1.8.0_261\bin;C:\Users\Neha\AppData\Local\Microsoft\WindowsApps;E:\Batch251Selenium\eclipse-java-photon-R-win32-x86_64\eclipse;
USERNAME=Neha
OS=Windows_NT
PROCESSOR_IDENTIFIER=Intel64 Family 6 Model 58 Stepping 9, GenuineIntel



---------------  S Y S T E M  ---------------

OS: Windows 10.0 , 64 bit Build 19041 (10.0.19041.928)

CPU:total 4 (initial active 4) (2 cores per cpu, 2 threads per core) family 6 model 58 stepping 9, cmov, cx8, fxsr, mmx, sse, sse2, sse3, ssse3, sse4.1, sse4.2, popcnt, avx, clmul, erms, ht, tsc, tscinvbit, tscinv

Memory: 4k page, physical 6157156k(618364k free), swap 18912352k(4128k free)

vm_info: Java HotSpot(TM) 64-Bit Server VM (25.261-b12) for windows-amd64 JRE (1.8.0_261-b12), built on Jun 18 2020 06:56:32 by "" with unknown MS VC++:1916

time: Mon Apr 26 18:27:43 2021
timezone: India Standard Time
elapsed time: 31 seconds (0d 0h 0m 31s)

