#
# There is insufficient memory for the Java Runtime Environment to continue.
# Native memory allocation (malloc) failed to allocate 1077296 bytes for Chunk::new
# Possible reasons:
#   The system is out of physical RAM or swap space
#   The process is running with CompressedOops enabled, and the Java Heap may be blocking the growth of the native heap
# Possible solutions:
#   Reduce memory load on the system
#   Increase physical memory or swap space
#   Check if swap backing store is full
#   Decrease Java heap size (-Xmx/-Xms)
#   Decrease number of Java threads
#   Decrease Java thread stack sizes (-Xss)
#   Set larger code cache with -XX:ReservedCodeCacheSize=
#   JVM is running with Unscaled Compressed Oops mode in which the Java heap is
#     placed in the first 4GB address space. The Java Heap base address is the
#     maximum limit for the native heap growth. Please use -XX:HeapBaseMinAddress
#     to set the Java Heap base and to place the Java Heap above 4GB virtual address.
# This output file may be truncated or incomplete.
#
#  Out of Memory Error (allocation.cpp:389), pid=19844, tid=0x0000000000004eec
#
# JRE version: Java(TM) SE Runtime Environment (8.0_261-b12) (build 1.8.0_261-b12)
# Java VM: Java HotSpot(TM) 64-Bit Server VM (25.261-b12 mixed mode windows-amd64 compressed oops)
# Failed to write core dump. Minidumps are not enabled by default on client versions of Windows
#

---------------  T H R E A D  ---------------

Current thread (0x000001f9e8d9d000):  JavaThread "C2 CompilerThread1" daemon [_thread_in_native, id=20204, stack(0x000000ea2e400000,0x000000ea2e500000)]

Stack: [0x000000ea2e400000,0x000000ea2e500000]
Native frames: (J=compiled Java code, j=interpreted, Vv=VM code, C=native code)
V  [jvm.dll+0x33e5f9]
V  [jvm.dll+0x2850e2]
V  [jvm.dll+0x285d8d]
V  [jvm.dll+0x27c895]
V  [jvm.dll+0xe4d6c]
V  [jvm.dll+0xe556c]
V  [jvm.dll+0x47ece3]
V  [jvm.dll+0x446900]
V  [jvm.dll+0x44f8f5]
V  [jvm.dll+0x44ecb5]
V  [jvm.dll+0x439bc7]
V  [jvm.dll+0xbbbcb]
V  [jvm.dll+0xba22b]
V  [jvm.dll+0x24d962]
V  [jvm.dll+0x2a1cfc]
C  [ucrtbase.dll+0x21bb2]
C  [KERNEL32.DLL+0x17034]
C  [ntdll.dll+0x52651]


Current CompileTask:
C2:   3087 1322       4       java.io.WinNTFileSystem::normalize (143 bytes)


---------------  P R O C E S S  ---------------

Java Threads: ( => current thread )
  0x000001f9eb2a5000 JavaThread "Exec Stream Pumper" daemon [_thread_in_native, id=16808, stack(0x000000ea2ee00000,0x000000ea2ef00000)]
  0x000001f9eb2a0000 JavaThread "Exec Stream Pumper" daemon [_thread_in_native, id=9476, stack(0x000000ea2ed00000,0x000000ea2ee00000)]
  0x000001f9eb2fd000 JavaThread "UrlChecker-2" daemon [_thread_in_native, id=4760, stack(0x000000ea2ec00000,0x000000ea2ed00000)]
  0x000001f9eb3d2800 JavaThread "ForkJoinPool.commonPool-worker-2" daemon [_thread_blocked, id=8100, stack(0x000000ea2eb00000,0x000000ea2ec00000)]
  0x000001f9ea991000 JavaThread "Exec Default Executor" daemon [_thread_in_native, id=10776, stack(0x000000ea2ea00000,0x000000ea2eb00000)]
  0x000001f9ea264000 JavaThread "AsyncHttpClient-timer-1-1" [_thread_blocked, id=17564, stack(0x000000ea2e900000,0x000000ea2ea00000)]
  0x000001f9eba65800 JavaThread "ForkJoinPool.commonPool-worker-1" daemon [_thread_blocked, id=14136, stack(0x000000ea2e800000,0x000000ea2e900000)]
  0x000001f9e8e39800 JavaThread "Service Thread" daemon [_thread_blocked, id=14472, stack(0x000000ea2e600000,0x000000ea2e700000)]
  0x000001f9e8d9e000 JavaThread "C1 CompilerThread2" daemon [_thread_blocked, id=18120, stack(0x000000ea2e500000,0x000000ea2e600000)]
=>0x000001f9e8d9d000 JavaThread "C2 CompilerThread1" daemon [_thread_in_native, id=20204, stack(0x000000ea2e400000,0x000000ea2e500000)]
  0x000001f9e8d96800 JavaThread "C2 CompilerThread0" daemon [_thread_blocked, id=18836, stack(0x000000ea2e300000,0x000000ea2e400000)]
  0x000001f9e8d95800 JavaThread "Attach Listener" daemon [_thread_blocked, id=19652, stack(0x000000ea2e200000,0x000000ea2e300000)]
  0x000001f9e8da2000 JavaThread "Signal Dispatcher" daemon [_thread_blocked, id=14996, stack(0x000000ea2e100000,0x000000ea2e200000)]
  0x000001f9e8d7d800 JavaThread "Finalizer" daemon [_thread_blocked, id=1788, stack(0x000000ea2e000000,0x000000ea2e100000)]
  0x000001f9e8d54800 JavaThread "Reference Handler" daemon [_thread_blocked, id=15732, stack(0x000000ea2df00000,0x000000ea2e000000)]
  0x000001f9d3f5a000 JavaThread "Forwarding newSession on session null to remote" [_thread_blocked, id=14856, stack(0x000000ea2d900000,0x000000ea2da00000)]

Other Threads:
  0x000001f9e8d48000 VMThread [stack: 0x000000ea2de00000,0x000000ea2df00000] [id=17900]
  0x000001f9e8e78800 WatcherThread [stack: 0x000000ea2e700000,0x000000ea2e800000] [id=20476]

VM state:not at safepoint (normal execution)

VM Mutex/Monitor currently owned by a thread: None

heap address: 0x00000000a2000000, size: 1504 MB, Compressed Oops mode: 32-bit
Narrow klass base: 0x0000000000000000, Narrow klass shift: 3
Compressed class space size: 1073741824 Address: 0x0000000100000000

Heap:
 PSYoungGen      total 28160K, used 4437K [0x00000000e0b00000, 0x00000000e4200000, 0x0000000100000000)
  eden space 24576K, 3% used [0x00000000e0b00000,0x00000000e0bd7938,0x00000000e2300000)
  from space 3584K, 99% used [0x00000000e2300000,0x00000000e267db28,0x00000000e2680000)
  to   space 3584K, 0% used [0x00000000e3e80000,0x00000000e3e80000,0x00000000e4200000)
 ParOldGen       total 64512K, used 8301K [0x00000000a2000000, 0x00000000a5f00000, 0x00000000e0b00000)
  object space 64512K, 12% used [0x00000000a2000000,0x00000000a281b460,0x00000000a5f00000)
 Metaspace       used 16769K, capacity 17076K, committed 17408K, reserved 1064960K
  class space    used 1904K, capacity 1996K, committed 2048K, reserved 1048576K

Card table byte_map: [0x000001f9e4cb0000,0x000001f9e4fb0000] byte_map_base: 0x000001f9e47a0000

Marking Bits: (ParMarkBitMap*) 0x0000000064e54fb0
 Begin Bits: [0x000001f9e51b0000, 0x000001f9e6930000)
 End Bits:   [0x000001f9e6930000, 0x000001f9e80b0000)

Polling page: 0x000001f9d3ef0000

CodeCache: size=245760Kb used=4775Kb max_used=4782Kb free=240984Kb
 bounds [0x000001f9d58f0000, 0x000001f9d5da0000, 0x000001f9e48f0000]
 total_blobs=1776 nmethods=1341 adapters=347
 compilation: enabled

Compilation events (10 events):
Event: 2.981 Thread 0x000001f9e8d9e000 1336       3       jdk.internal.org.objectweb.asm.MethodWriter::visitMethodInsn (220 bytes)
Event: 2.982 Thread 0x000001f9e8d9e000 nmethod 1336 0x000001f9d5d99110 code [0x000001f9d5d99300, 0x000001f9d5d99990]
Event: 2.982 Thread 0x000001f9e8d9e000 1337       3       jdk.internal.org.objectweb.asm.ClassWriter::newMethodItem (91 bytes)
Event: 2.983 Thread 0x000001f9e8d9e000 nmethod 1337 0x000001f9d5d9a250 code [0x000001f9d5d9a440, 0x000001f9d5d9aac0]
Event: 2.987 Thread 0x000001f9e8d9e000 1338       3       jdk.internal.org.objectweb.asm.ByteVector::enlarge (51 bytes)
Event: 2.987 Thread 0x000001f9e8d9e000 nmethod 1338 0x000001f9d5d98ad0 code [0x000001f9d5d98c40, 0x000001f9d5d98f70]
Event: 2.987 Thread 0x000001f9e8d9e000 1339       3       java.util.regex.Pattern$TreeInfo::reset (21 bytes)
Event: 2.987 Thread 0x000001f9e8d96800 1340       4       java.util.regex.Pattern$BmpCharProperty::match (50 bytes)
Event: 2.987 Thread 0x000001f9e8d9e000 nmethod 1339 0x000001f9d5d9af10 code [0x000001f9d5d9b060, 0x000001f9d5d9b1d8]
Event: 3.001 Thread 0x000001f9e8d96800 nmethod 1340 0x000001f9d5d9e050 code [0x000001f9d5d9e1a0, 0x000001f9d5d9e398]

GC Heap History (6 events):
Event: 2.005 GC heap before
{Heap before GC invocations=1 (full 0):
 PSYoungGen      total 28160K, used 24576K [0x00000000e0b00000, 0x00000000e2a00000, 0x0000000100000000)
  eden space 24576K, 100% used [0x00000000e0b00000,0x00000000e2300000,0x00000000e2300000)
  from space 3584K, 0% used [0x00000000e2680000,0x00000000e2680000,0x00000000e2a00000)
  to   space 3584K, 0% used [0x00000000e2300000,0x00000000e2300000,0x00000000e2680000)
 ParOldGen       total 64512K, used 0K [0x00000000a2000000, 0x00000000a5f00000, 0x00000000e0b00000)
  object space 64512K, 0% used [0x00000000a2000000,0x00000000a2000000,0x00000000a5f00000)
 Metaspace       used 8336K, capacity 8670K, committed 8832K, reserved 1056768K
  class space    used 916K, capacity 1035K, committed 1152K, reserved 1048576K
Event: 2.013 GC heap after
Heap after GC invocations=1 (full 0):
 PSYoungGen      total 28160K, used 3555K [0x00000000e0b00000, 0x00000000e2a00000, 0x0000000100000000)
  eden space 24576K, 0% used [0x00000000e0b00000,0x00000000e0b00000,0x00000000e2300000)
  from space 3584K, 99% used [0x00000000e2300000,0x00000000e2678e68,0x00000000e2680000)
  to   space 3584K, 0% used [0x00000000e2680000,0x00000000e2680000,0x00000000e2a00000)
 ParOldGen       total 64512K, used 1429K [0x00000000a2000000, 0x00000000a5f00000, 0x00000000e0b00000)
  object space 64512K, 2% used [0x00000000a2000000,0x00000000a2165780,0x00000000a5f00000)
 Metaspace       used 8336K, capacity 8670K, committed 8832K, reserved 1056768K
  class space    used 916K, capacity 1035K, committed 1152K, reserved 1048576K
}
Event: 2.552 GC heap before
{Heap before GC invocations=2 (full 0):
 PSYoungGen      total 28160K, used 28131K [0x00000000e0b00000, 0x00000000e2a00000, 0x0000000100000000)
  eden space 24576K, 100% used [0x00000000e0b00000,0x00000000e2300000,0x00000000e2300000)
  from space 3584K, 99% used [0x00000000e2300000,0x00000000e2678e68,0x00000000e2680000)
  to   space 3584K, 0% used [0x00000000e2680000,0x00000000e2680000,0x00000000e2a00000)
 ParOldGen       total 64512K, used 1429K [0x00000000a2000000, 0x00000000a5f00000, 0x00000000e0b00000)
  object space 64512K, 2% used [0x00000000a2000000,0x00000000a2165780,0x00000000a5f00000)
 Metaspace       used 12476K, capacity 12756K, committed 13056K, reserved 1060864K
  class space    used 1332K, capacity 1438K, committed 1536K, reserved 1048576K
Event: 2.562 GC heap after
Heap after GC invocations=2 (full 0):
 PSYoungGen      total 28160K, used 3552K [0x00000000e0b00000, 0x00000000e2a00000, 0x0000000100000000)
  eden space 24576K, 0% used [0x00000000e0b00000,0x00000000e0b00000,0x00000000e2300000)
  from space 3584K, 99% used [0x00000000e2680000,0x00000000e29f8050,0x00000000e2a00000)
  to   space 3584K, 0% used [0x00000000e2300000,0x00000000e2300000,0x00000000e2680000)
 ParOldGen       total 64512K, used 4796K [0x00000000a2000000, 0x00000000a5f00000, 0x00000000e0b00000)
  object space 64512K, 7% used [0x00000000a2000000,0x00000000a24af328,0x00000000a5f00000)
 Metaspace       used 12476K, capacity 12756K, committed 13056K, reserved 1060864K
  class space    used 1332K, capacity 1438K, committed 1536K, reserved 1048576K
}
Event: 2.989 GC heap before
{Heap before GC invocations=3 (full 0):
 PSYoungGen      total 28160K, used 28128K [0x00000000e0b00000, 0x00000000e2a00000, 0x0000000100000000)
  eden space 24576K, 100% used [0x00000000e0b00000,0x00000000e2300000,0x00000000e2300000)
  from space 3584K, 99% used [0x00000000e2680000,0x00000000e29f8050,0x00000000e2a00000)
  to   space 3584K, 0% used [0x00000000e2300000,0x00000000e2300000,0x00000000e2680000)
 ParOldGen       total 64512K, used 4796K [0x00000000a2000000, 0x00000000a5f00000, 0x00000000e0b00000)
  object space 64512K, 7% used [0x00000000a2000000,0x00000000a24af328,0x00000000a5f00000)
 Metaspace       used 16701K, capacity 17012K, committed 17408K, reserved 1064960K
  class space    used 1894K, capacity 1996K, committed 2048K, reserved 1048576K
Event: 3.001 GC heap after
Heap after GC invocations=3 (full 0):
 PSYoungGen      total 28160K, used 3574K [0x00000000e0b00000, 0x00000000e4200000, 0x0000000100000000)
  eden space 24576K, 0% used [0x00000000e0b00000,0x00000000e0b00000,0x00000000e2300000)
  from space 3584K, 99% used [0x00000000e2300000,0x00000000e267db28,0x00000000e2680000)
  to   space 3584K, 0% used [0x00000000e3e80000,0x00000000e3e80000,0x00000000e4200000)
 ParOldGen       total 64512K, used 8301K [0x00000000a2000000, 0x00000000a5f00000, 0x00000000e0b00000)
  object space 64512K, 12% used [0x00000000a2000000,0x00000000a281b460,0x00000000a5f00000)
 Metaspace       used 16701K, capacity 17012K, committed 17408K, reserved 1064960K
  class space    used 1894K, capacity 1996K, committed 2048K, reserved 1048576K
}

Deoptimization events (10 events):
Event: 2.523 Thread 0x000001f9d3f5a000 Uncommon trap: reason=bimorphic action=maybe_recompile pc=0x000001f9d5c42914 method=java.util.HashMap.putVal(ILjava/lang/Object;Ljava/lang/Object;ZZ)Ljava/lang/Object; @ 91
Event: 2.538 Thread 0x000001f9d3f5a000 Uncommon trap: reason=class_check action=maybe_recompile pc=0x000001f9d5d1d2a4 method=java.util.Properties$LineReader.readLine()I @ 410
Event: 2.545 Thread 0x000001f9d3f5a000 Uncommon trap: reason=class_check action=maybe_recompile pc=0x000001f9d5d1d2a4 method=java.util.Properties$LineReader.readLine()I @ 410
Event: 2.547 Thread 0x000001f9d3f5a000 Uncommon trap: reason=class_check action=maybe_recompile pc=0x000001f9d5d1d2a4 method=java.util.Properties$LineReader.readLine()I @ 410
Event: 2.621 Thread 0x000001f9d3f5a000 Uncommon trap: reason=class_check action=maybe_recompile pc=0x000001f9d5be82a4 method=java.util.regex.Pattern$Curly.match(Ljava/util/regex/Matcher;ILjava/lang/CharSequence;)Z @ 19
Event: 2.621 Thread 0x000001f9d3f5a000 Uncommon trap: reason=class_check action=maybe_recompile pc=0x000001f9d5be82a4 method=java.util.regex.Pattern$Curly.match(Ljava/util/regex/Matcher;ILjava/lang/CharSequence;)Z @ 19
Event: 2.621 Thread 0x000001f9d3f5a000 Uncommon trap: reason=class_check action=maybe_recompile pc=0x000001f9d5be82a4 method=java.util.regex.Pattern$Curly.match(Ljava/util/regex/Matcher;ILjava/lang/CharSequence;)Z @ 19
Event: 2.621 Thread 0x000001f9d3f5a000 Uncommon trap: reason=class_check action=maybe_recompile pc=0x000001f9d5be82a4 method=java.util.regex.Pattern$Curly.match(Ljava/util/regex/Matcher;ILjava/lang/CharSequence;)Z @ 19
Event: 2.634 Thread 0x000001f9d3f5a000 Uncommon trap: reason=unstable_if action=reinterpret pc=0x000001f9d5d2f2c8 method=java.io.WinNTFileSystem.isLetter(C)Z @ 3
Event: 2.972 Thread 0x000001f9d3f5a000 Uncommon trap: reason=unstable_if action=reinterpret pc=0x000001f9d5abcd10 method=java.lang.String.replace(CC)Ljava/lang/String; @ 2

Classes redefined (0 events):
No events

Internal exceptions (10 events):
Event: 0.343 Thread 0x000001f9d3f5a000 Exception <a 'java/security/PrivilegedActionException'> (0x00000000e0e55db8) thrown at [C:\jenkins\workspace\8-2-build-windows-amd64-cygwin\jdk8u261\295\hotspot\src\share\vm\prims\jvm.cpp, line 1512]
Event: 0.618 Thread 0x000001f9d3f5a000 Exception <a 'java/lang/NoSuchFieldError': method resolution failed> (0x00000000e131e160) thrown at [C:\jenkins\workspace\8-2-build-windows-amd64-cygwin\jdk8u261\295\hotspot\src\share\vm\prims\methodHandles.cpp, line 1169]
Event: 0.620 Thread 0x000001f9d3f5a000 Exception <a 'java/lang/NoSuchFieldError': method resolution failed> (0x00000000e132b500) thrown at [C:\jenkins\workspace\8-2-build-windows-amd64-cygwin\jdk8u261\295\hotspot\src\share\vm\prims\methodHandles.cpp, line 1169]
Event: 2.389 Thread 0x000001f9d3f5a000 Exception <a 'java/lang/NoSuchMethodError': java.lang.Object.lambda$create$0(Lorg/openqa/selenium/remote/http/HttpClient$Factory;)Z> (0x00000000e1a92230) thrown at [C:\jenkins\workspace\8-2-build-windows-amd64-cygwin\jdk8u261\295\hotspot\src\share\vm\inte
Event: 2.390 Thread 0x000001f9d3f5a000 Exception <a 'java/lang/NoSuchMethodError': java.lang.Object.lambda$create$1(Ljava/lang/String;Lorg/openqa/selenium/remote/http/HttpClient$Factory;)Z> (0x00000000e1a952b0) thrown at [C:\jenkins\workspace\8-2-build-windows-amd64-cygwin\jdk8u261\295\hotspot
Event: 2.573 Thread 0x000001f9d3f5a000 Exception <a 'java/lang/NoSuchMethodError': java.lang.Object.lambda$static$0(Lorg/asynchttpclient/uri/Uri;)Lorg/asynchttpclient/proxy/ProxyServer;> (0x00000000e0bdbd80) thrown at [C:\jenkins\workspace\8-2-build-windows-amd64-cygwin\jdk8u261\295\hotspot\sr
Event: 2.583 Thread 0x000001f9d3f5a000 Exception <a 'java/lang/NoClassDefFoundError': org/apache/logging/log4j/spi/ExtendedLoggerWrapper> (0x00000000e0c6d408) thrown at [C:\jenkins\workspace\8-2-build-windows-amd64-cygwin\jdk8u261\295\hotspot\src\share\vm\classfile\systemDictionary.cpp, line 1
Event: 2.583 Thread 0x000001f9d3f5a000 Exception <a 'java/lang/NoClassDefFoundError'> (0x00000000e0c6d408) thrown at [C:\jenkins\workspace\8-2-build-windows-amd64-cygwin\jdk8u261\295\hotspot\src\share\vm\prims\jvm.cpp, line 1516]
Event: 2.584 Thread 0x000001f9d3f5a000 Exception <a 'java/lang/NoClassDefFoundError': org/apache/log4j/Priority> (0x00000000e0c89d58) thrown at [C:\jenkins\workspace\8-2-build-windows-amd64-cygwin\jdk8u261\295\hotspot\src\share\vm\classfile\systemDictionary.cpp, line 199]
Event: 2.899 Thread 0x000001f9d3f5a000 Exception <a 'java/lang/NoSuchMethodError': java.lang.Object.lambda$andFinally$1(Lorg/openqa/selenium/remote/http/HttpHandler;Lorg/openqa/selenium/remote/http/HttpRequest;)Lorg/openqa/selenium/remote/http/HttpResponse;> (0x00000000e1e13c48) thrown at [C:\

Events (10 events):
Event: 3.005 loading class sun/net/www/http/KeepAliveCache
Event: 3.005 loading class sun/net/www/http/KeepAliveCache done
Event: 3.005 loading class sun/net/www/http/KeepAliveKey
Event: 3.005 loading class sun/net/www/http/KeepAliveKey done
Event: 3.005 loading class sun/net/www/http/HttpCapture
Event: 3.005 loading class sun/net/www/http/HttpCapture done
Event: 3.005 loading class sun/net/www/http/HttpCapture$1
Event: 3.005 loading class sun/net/www/http/HttpCapture$1 done
Event: 3.006 loading class java/net/SocksSocketImpl$3
Event: 3.006 loading class java/net/SocksSocketImpl$3 done


Dynamic libraries:
0x00007ff772930000 - 0x00007ff772977000 	C:\Program Files\Java\jre1.8.0_261\bin\javaw.exe
0x00007ff9bcc50000 - 0x00007ff9bce45000 	C:\WINDOWS\SYSTEM32\ntdll.dll
0x00007ff9bb470000 - 0x00007ff9bb52d000 	C:\WINDOWS\System32\KERNEL32.DLL
0x00007ff9ba390000 - 0x00007ff9ba658000 	C:\WINDOWS\System32\KERNELBASE.dll
0x00007ff9bb920000 - 0x00007ff9bb9cc000 	C:\WINDOWS\System32\ADVAPI32.dll
0x00007ff9bb040000 - 0x00007ff9bb0de000 	C:\WINDOWS\System32\msvcrt.dll
0x00007ff9bacc0000 - 0x00007ff9bad5b000 	C:\WINDOWS\System32\sechost.dll
0x00007ff9bba80000 - 0x00007ff9bbbab000 	C:\WINDOWS\System32\RPCRT4.dll
0x00007ff9bc490000 - 0x00007ff9bc630000 	C:\WINDOWS\System32\USER32.dll
0x00007ff9ba850000 - 0x00007ff9ba872000 	C:\WINDOWS\System32\win32u.dll
0x00007ff9bb0e0000 - 0x00007ff9bb10a000 	C:\WINDOWS\System32\GDI32.dll
0x00007ff9baab0000 - 0x00007ff9babbb000 	C:\WINDOWS\System32\gdi32full.dll
0x00007ff9bac20000 - 0x00007ff9bacbd000 	C:\WINDOWS\System32\msvcp_win.dll
0x00007ff9ba9b0000 - 0x00007ff9baab0000 	C:\WINDOWS\System32\ucrtbase.dll
0x00007ff9a8560000 - 0x00007ff9a87fa000 	C:\WINDOWS\WinSxS\amd64_microsoft.windows.common-controls_6595b64144ccf1df_6.0.19041.844_none_ca00b6081b84eb1d\COMCTL32.dll
0x00007ff9bc630000 - 0x00007ff9bc660000 	C:\WINDOWS\System32\IMM32.DLL
0x00007ff9b3280000 - 0x00007ff9b3295000 	C:\Program Files\Java\jre1.8.0_261\bin\vcruntime140.dll
0x00007ff986d00000 - 0x00007ff986d9b000 	C:\Program Files\Java\jre1.8.0_261\bin\msvcp140.dll
0x0000000064660000 - 0x0000000064ecc000 	C:\Program Files\Java\jre1.8.0_261\bin\server\jvm.dll
0x00007ff9bc480000 - 0x00007ff9bc488000 	C:\WINDOWS\System32\PSAPI.DLL
0x00007ff9b13d0000 - 0x00007ff9b13da000 	C:\WINDOWS\SYSTEM32\VERSION.dll
0x00007ff9b0500000 - 0x00007ff9b0527000 	C:\WINDOWS\SYSTEM32\WINMM.dll
0x00007ff9b59d0000 - 0x00007ff9b59d9000 	C:\WINDOWS\SYSTEM32\WSOCK32.dll
0x00007ff9bafd0000 - 0x00007ff9bb03b000 	C:\WINDOWS\System32\WS2_32.dll
0x00007ff9b82e0000 - 0x00007ff9b82f2000 	C:\WINDOWS\SYSTEM32\kernel.appcore.dll
0x00007ff9b5470000 - 0x00007ff9b5480000 	C:\Program Files\Java\jre1.8.0_261\bin\verify.dll
0x00007ff9af480000 - 0x00007ff9af4ab000 	C:\Program Files\Java\jre1.8.0_261\bin\java.dll
0x00007ff9b2210000 - 0x00007ff9b2228000 	C:\Program Files\Java\jre1.8.0_261\bin\zip.dll
0x00007ff9bbd40000 - 0x00007ff9bc47f000 	C:\WINDOWS\System32\SHELL32.dll
0x00007ff9b84e0000 - 0x00007ff9b8c70000 	C:\WINDOWS\SYSTEM32\windows.storage.dll
0x00007ff9bb110000 - 0x00007ff9bb465000 	C:\WINDOWS\System32\combase.dll
0x00007ff9b9d30000 - 0x00007ff9b9d5c000 	C:\WINDOWS\SYSTEM32\Wldp.dll
0x00007ff9bb9d0000 - 0x00007ff9bba7e000 	C:\WINDOWS\System32\SHCORE.dll
0x00007ff9bae90000 - 0x00007ff9baee5000 	C:\WINDOWS\System32\shlwapi.dll
0x00007ff9ba2d0000 - 0x00007ff9ba2ef000 	C:\WINDOWS\SYSTEM32\profapi.dll
0x00007ff99e770000 - 0x00007ff99e794000 	C:\Program Files\Java\jre1.8.0_261\bin\sunec.dll
0x00007ff9af440000 - 0x00007ff9af45c000 	C:\Program Files\Java\jre1.8.0_261\bin\net.dll
0x00007ff9b9aa0000 - 0x00007ff9b9b0a000 	C:\WINDOWS\system32\mswsock.dll
0x00007ff9b9790000 - 0x00007ff9b97cb000 	C:\WINDOWS\SYSTEM32\IPHLPAPI.DLL
0x00007ff9bad60000 - 0x00007ff9bad68000 	C:\WINDOWS\System32\NSI.dll
0x00007ff9b1ee0000 - 0x00007ff9b1ef7000 	C:\WINDOWS\SYSTEM32\dhcpcsvc6.DLL
0x00007ff9b27f0000 - 0x00007ff9b280d000 	C:\WINDOWS\SYSTEM32\dhcpcsvc.DLL
0x00007ff9b97d0000 - 0x00007ff9b989c000 	C:\WINDOWS\SYSTEM32\DNSAPI.dll
0x00007ff9ab900000 - 0x00007ff9ab913000 	C:\Program Files\Java\jre1.8.0_261\bin\nio.dll
0x00007ff9b9c70000 - 0x00007ff9b9c88000 	C:\WINDOWS\SYSTEM32\CRYPTSP.dll
0x00007ff9b9440000 - 0x00007ff9b9474000 	C:\WINDOWS\system32\rsaenh.dll
0x00007ff9ba980000 - 0x00007ff9ba9a7000 	C:\WINDOWS\System32\bcrypt.dll
0x00007ff9ba290000 - 0x00007ff9ba2be000 	C:\WINDOWS\SYSTEM32\USERENV.dll
0x00007ff9ba7c0000 - 0x00007ff9ba843000 	C:\WINDOWS\System32\bcryptprimitives.dll
0x00007ff9b9c90000 - 0x00007ff9b9c9c000 	C:\WINDOWS\SYSTEM32\CRYPTBASE.dll
0x00007ff9b04d0000 - 0x00007ff9b04da000 	C:\Windows\System32\rasadhlp.dll
0x00007ff9b13f0000 - 0x00007ff9b146f000 	C:\WINDOWS\System32\fwpuclnt.dll
0x00007ff9b3330000 - 0x00007ff9b3514000 	C:\WINDOWS\SYSTEM32\dbghelp.dll

VM Arguments:
jvm_args: -Dfile.encoding=Cp1252 
java_command: Test.AutomationTest
java_class_path (initial): C:\Program Files\Java\jre1.8.0_261\lib\resources.jar;C:\Program Files\Java\jre1.8.0_261\lib\rt.jar;C:\Program Files\Java\jre1.8.0_261\lib\jsse.jar;C:\Program Files\Java\jre1.8.0_261\lib\jce.jar;C:\Program Files\Java\jre1.8.0_261\lib\charsets.jar;C:\Program Files\Java\jre1.8.0_261\lib\jfr.jar;C:\Program Files\Java\jre1.8.0_261\lib\ext\access-bridge-64.jar;C:\Program Files\Java\jre1.8.0_261\lib\ext\cldrdata.jar;C:\Program Files\Java\jre1.8.0_261\lib\ext\dnsns.jar;C:\Program Files\Java\jre1.8.0_261\lib\ext\jaccess.jar;C:\Program Files\Java\jre1.8.0_261\lib\ext\jfxrt.jar;C:\Program Files\Java\jre1.8.0_261\lib\ext\localedata.jar;C:\Program Files\Java\jre1.8.0_261\lib\ext\nashorn.jar;C:\Program Files\Java\jre1.8.0_261\lib\ext\sunec.jar;C:\Program Files\Java\jre1.8.0_261\lib\ext\sunjce_provider.jar;C:\Program Files\Java\jre1.8.0_261\lib\ext\sunmscapi.jar;C:\Program Files\Java\jre1.8.0_261\lib\ext\sunpkcs11.jar;C:\Program Files\Java\jre1.8.0_261\lib\ext\zipfs.jar;E:\Batch251Selenium\Selenium1\seleniumPrac\project\target\test-classes;E:\Batch251Selenium\Selenium1\seleniumPrac\project\target\classes;E:\Batch251Selenium\eclipse-java-photon-R-win32-x86_64\eclipse\plugins\org.testng_7.3.0.r202008060316.jar;E:\Batch251Selenium\eclipse-java-photon-R-win32-x86_64\eclipse\plugins\com.beust.jcommander_1.78.0.jar;E:\Batch251Selenium\eclipse-java-photon-R-win32-x86_64\eclipse\plugins\org.apache-extras.beanshell.bsh_2.0.0.b6.jar;E:\Batch251Selenium\eclipse-java-photon-R-win32-x86_64\eclipse\plugins\org.yaml.snakeyaml_1.21.0.jar;C:\Users\Neha\.m2\repository\org\seleniumhq\selenium\selenium-java\4.0.0-alpha-6\selenium-java-4.0.0-alpha-6.jar;C:\Users\Neha\.m2\repository\org\seleniumhq\selenium\selenium-api\4.0.0-alpha-6\selenium-api-4.0.0-alpha-6.jar;C:\Users\Neha\.m2\repository\org\seleniumhq\selenium\selenium-chrome-driver\4.0.0-alpha-6\selenium-chrome-driver-4.0.0-alpha-6.jar;C:\Users\Neha\.m2\repository\com\google\auto\service\auto-service-annotations\1.0-r
Launcher Type: SUN_STANDARD

Environment Variables:
JAVA_HOME=C:\Program Files\Java\jdk-12.0.1
PATH=C:/Program Files/Java/jre1.8.0_261/bin/server;C:/Program Files/Java/jre1.8.0_261/bin;C:/Program Files/Java/jre1.8.0_261/lib/amd64;C:\Program Files (x86)\Common Files\Oracle\Java\javapath;C:\WINDOWS\system32;C:\WINDOWS;C:\WINDOWS\System32\Wbem;C:\WINDOWS\System32\WindowsPowerShell\v1.0\;C:\Program Files\Java\jdk-12.0.1;C:\Program Files\Java\jdk-12.0.1\bin;C:\WINDOWS\System32\OpenSSH\;C:\strawberry\c\bin;C:\strawberry\perl\bin;C:\Users\Neha\AppData\Local\Android\Sdk\tools\bin;C:\Users\Neha\AppData\Local\Android\Sdk\tools;C:\Users\Neha\AppData\Local\Android\Sdk\platform-tools;C:\Program Files\nodejs\node_modules\npm\bin;C:\Users\Neha\Downloads\apache-maven-3.6.2-src;C:\Users\Neha\Downloads\apache-maven-3.6.2-bin\apache-maven-3.6.2\bin;C:\Users\Neha\Desktop\Maven\apache-maven-3.6.2\bin;C:\Users\Neha\Downloads\apache-ant-1.9.14-bin\apache-ant-1.9.14\bin;C:\Users\Neha\Desktop\Selenium\apache-maven-3.6.3-bin\apache-maven-3.6.3\bin;C:\Users\Neha\Desktop\Selenium\;C:\Program Files (x86)\Java\jre1.8.0_251;C:\Program Files\Java\jdk1.8.0_261\bin;C:\Program Files (x86)\Git\cmd;C:\Users\Neha\AppData\Local\Microsoft\WindowsApps;C:\Users\Neha\AppData\Local\GitHubDesktop\bin;E:\Batch251Selenium\eclipse-java-photon-R-win32-x86_64\eclipse;
USERNAME=Neha
OS=Windows_NT
PROCESSOR_IDENTIFIER=Intel64 Family 6 Model 58 Stepping 9, GenuineIntel



---------------  S Y S T E M  ---------------

OS: Windows 10.0 , 64 bit Build 19041 (10.0.19041.1023)

CPU:total 4 (initial active 4) (2 cores per cpu, 2 threads per core) family 6 model 58 stepping 9, cmov, cx8, fxsr, mmx, sse, sse2, sse3, ssse3, sse4.1, sse4.2, popcnt, avx, clmul, erms, ht, tsc, tscinvbit, tscinv

Memory: 4k page, physical 6157156k(423624k free), swap 18912352k(3212k free)

vm_info: Java HotSpot(TM) 64-Bit Server VM (25.261-b12) for windows-amd64 JRE (1.8.0_261-b12), built on Jun 18 2020 06:56:32 by "" with unknown MS VC++:1916

time: Tue May 25 01:13:47 2021
timezone: India Standard Time
elapsed time: 3 seconds (0d 0h 0m 3s)

