#
# There is insufficient memory for the Java Runtime Environment to continue.
# Native memory allocation (malloc) failed to allocate 32744 bytes for ChunkPool::allocate
# Possible reasons:
#   The system is out of physical RAM or swap space
#   The process is running with CompressedOops enabled, and the Java Heap may be blocking the growth of the native heap
# Possible solutions:
#   Reduce memory load on the system
#   Increase physical memory or swap space
#   Check if swap backing store is full
#   Decrease Java heap size (-Xmx/-Xms)
#   Decrease number of Java threads
#   Decrease Java thread stack sizes (-Xss)
#   Set larger code cache with -XX:ReservedCodeCacheSize=
#   JVM is running with Unscaled Compressed Oops mode in which the Java heap is
#     placed in the first 4GB address space. The Java Heap base address is the
#     maximum limit for the native heap growth. Please use -XX:HeapBaseMinAddress
#     to set the Java Heap base and to place the Java Heap above 4GB virtual address.
# This output file may be truncated or incomplete.
#
#  Out of Memory Error (allocation.cpp:272), pid=21724, tid=0x0000000000004930
#
# JRE version: Java(TM) SE Runtime Environment (8.0_261-b12) (build 1.8.0_261-b12)
# Java VM: Java HotSpot(TM) 64-Bit Server VM (25.261-b12 mixed mode windows-amd64 compressed oops)
# Failed to write core dump. Minidumps are not enabled by default on client versions of Windows
#

---------------  T H R E A D  ---------------

Current thread (0x0000013bff332000):  JavaThread "C2 CompilerThread1" daemon [_thread_in_native, id=18736, stack(0x000000259e000000,0x000000259e100000)]

Stack: [0x000000259e000000,0x000000259e100000]
Native frames: (J=compiled Java code, j=interpreted, Vv=VM code, C=native code)
V  [jvm.dll+0x33e5f9]
V  [jvm.dll+0x2850e2]
V  [jvm.dll+0x285d8d]
V  [jvm.dll+0x27c895]
V  [jvm.dll+0xe520d]
V  [jvm.dll+0xe556c]
V  [jvm.dll+0x481e3b]
V  [jvm.dll+0x49b3b0]
V  [jvm.dll+0x49a620]
V  [jvm.dll+0x49aea2]
V  [jvm.dll+0x446acd]
V  [jvm.dll+0x44f8f5]
V  [jvm.dll+0x44ecb5]
V  [jvm.dll+0x439bc7]
V  [jvm.dll+0xbbbcb]
V  [jvm.dll+0xba22b]
V  [jvm.dll+0x24d962]
V  [jvm.dll+0x2a1cfc]
C  [ucrtbase.dll+0x21bb2]
C  [KERNEL32.DLL+0x17034]
C  [ntdll.dll+0x52651]


Current CompileTask:
C2:  12207  704 %     4       org.eclipse.jdt.launching.internal.org.objectweb.asm.ClassReader::readCode @ 2165 (5071 bytes)


---------------  P R O C E S S  ---------------

Java Threads: ( => current thread )
  0x0000013bff256800 JavaThread "Service Thread" daemon [_thread_blocked, id=11540, stack(0x000000259e200000,0x000000259e300000)]
  0x0000013bff2f6800 JavaThread "C1 CompilerThread2" daemon [_thread_blocked, id=2208, stack(0x000000259e100000,0x000000259e200000)]
=>0x0000013bff332000 JavaThread "C2 CompilerThread1" daemon [_thread_in_native, id=18736, stack(0x000000259e000000,0x000000259e100000)]
  0x0000013bff327000 JavaThread "C2 CompilerThread0" daemon [_thread_blocked, id=7696, stack(0x000000259df00000,0x000000259e000000)]
  0x0000013bfd838800 JavaThread "JDWP Command Reader" daemon [_thread_in_native, id=2740, stack(0x000000259de00000,0x000000259df00000)]
  0x0000013bfd835800 JavaThread "JDWP Event Helper Thread" daemon [_thread_blocked, id=15292, stack(0x000000259dd00000,0x000000259de00000)]
  0x0000013bfd82f800 JavaThread "JDWP Transport Listener: dt_socket" daemon [_thread_blocked, id=1928, stack(0x000000259dc00000,0x000000259dd00000)]
  0x0000013bfd810800 JavaThread "Attach Listener" daemon [_thread_blocked, id=19848, stack(0x000000259db00000,0x000000259dc00000)]
  0x0000013bfd80f800 JavaThread "Signal Dispatcher" daemon [_thread_blocked, id=21708, stack(0x000000259da00000,0x000000259db00000)]
  0x0000013bfd7f2000 JavaThread "Finalizer" daemon [_thread_blocked, id=13648, stack(0x000000259d900000,0x000000259da00000)]
  0x0000013bfd7c8800 JavaThread "Reference Handler" daemon [_thread_blocked, id=12200, stack(0x000000259d800000,0x000000259d900000)]
  0x0000013be8aa3000 JavaThread "main" [_thread_in_native, id=5288, stack(0x000000259d200000,0x000000259d300000)]

Other Threads:
  0x0000013bfd7be800 VMThread [stack: 0x000000259d700000,0x000000259d800000] [id=13348]
  0x0000013bff2e5000 WatcherThread [stack: 0x000000259e300000,0x000000259e400000] [id=21492]

VM state:not at safepoint (normal execution)

VM Mutex/Monitor currently owned by a thread: None

heap address: 0x00000000a2000000, size: 1504 MB, Compressed Oops mode: 32-bit
Narrow klass base: 0x0000000000000000, Narrow klass shift: 3
Compressed class space size: 1073741824 Address: 0x0000000100000000

Heap:
 PSYoungGen      total 28160K, used 16929K [0x00000000e0b00000, 0x00000000e2a00000, 0x0000000100000000)
  eden space 24576K, 54% used [0x00000000e0b00000,0x00000000e180d6e0,0x00000000e2300000)
  from space 3584K, 99% used [0x00000000e2300000,0x00000000e267aee8,0x00000000e2680000)
  to   space 3584K, 0% used [0x00000000e2680000,0x00000000e2680000,0x00000000e2a00000)
 ParOldGen       total 64512K, used 51K [0x00000000a2000000, 0x00000000a5f00000, 0x00000000e0b00000)
  object space 64512K, 0% used [0x00000000a2000000,0x00000000a200cf58,0x00000000a5f00000)
 Metaspace       used 9002K, capacity 9300K, committed 9600K, reserved 1058816K
  class space    used 958K, capacity 1068K, committed 1152K, reserved 1048576K

Card table byte_map: [0x0000013bf9720000,0x0000013bf9a20000] byte_map_base: 0x0000013bf9210000

Marking Bits: (ParMarkBitMap*) 0x0000000051e64fb0
 Begin Bits: [0x0000013bf9c20000, 0x0000013bfb3a0000)
 End Bits:   [0x0000013bfb3a0000, 0x0000013bfcb20000)

Polling page: 0x0000013be8cf0000

CodeCache: size=245760Kb used=4779Kb max_used=4790Kb free=240980Kb
 bounds [0x0000013bea360000, 0x0000013bea820000, 0x0000013bf9360000]
 total_blobs=1532 nmethods=1193 adapters=260
 compilation: enabled

Compilation events (10 events):
Event: 10.369 Thread 0x0000013bff2f6800 nmethod 1195 0x0000013bea806790 code [0x0000013bea806f80, 0x0000013bea80d730]
Event: 10.369 Thread 0x0000013bff2f6800 1192       3       java.util.RegularEnumSet::add (40 bytes)
Event: 10.370 Thread 0x0000013bff2f6800 nmethod 1192 0x0000013bea8002d0 code [0x0000013bea800440, 0x0000013bea800770]
Event: 10.370 Thread 0x0000013bff2f6800 1193       3       java.util.EnumSet::of (16 bytes)
Event: 10.371 Thread 0x0000013bff2f6800 nmethod 1193 0x0000013bea805f90 code [0x0000013bea806120, 0x0000013bea8065f0]
Event: 10.374 Thread 0x0000013bff327000 nmethod 1187 0x0000013bea8044d0 code [0x0000013bea804620, 0x0000013bea804838]
Event: 10.374 Thread 0x0000013bff327000 1162       4       java.util.HashMap$KeyIterator::next (8 bytes)
Event: 10.383 Thread 0x0000013bff327000 nmethod 1162 0x0000013bea803fd0 code [0x0000013bea804120, 0x0000013bea804358]
Event: 10.383 Thread 0x0000013bff327000 1194       4       java.util.HashSet::add (20 bytes)
Event: 10.390 Thread 0x0000013bff327000 nmethod 1194 0x0000013bea8038d0 code [0x0000013bea803a40, 0x0000013bea803d18]

GC Heap History (2 events):
Event: 7.502 GC heap before
{Heap before GC invocations=1 (full 0):
 PSYoungGen      total 28160K, used 24576K [0x00000000e0b00000, 0x00000000e2a00000, 0x0000000100000000)
  eden space 24576K, 100% used [0x00000000e0b00000,0x00000000e2300000,0x00000000e2300000)
  from space 3584K, 0% used [0x00000000e2680000,0x00000000e2680000,0x00000000e2a00000)
  to   space 3584K, 0% used [0x00000000e2300000,0x00000000e2300000,0x00000000e2680000)
 ParOldGen       total 64512K, used 0K [0x00000000a2000000, 0x00000000a5f00000, 0x00000000e0b00000)
  object space 64512K, 0% used [0x00000000a2000000,0x00000000a2000000,0x00000000a5f00000)
 Metaspace       used 7799K, capacity 7998K, committed 8192K, reserved 1056768K
  class space    used 836K, capacity 934K, committed 1024K, reserved 1048576K
Event: 7.528 GC heap after
Heap after GC invocations=1 (full 0):
 PSYoungGen      total 28160K, used 3563K [0x00000000e0b00000, 0x00000000e2a00000, 0x0000000100000000)
  eden space 24576K, 0% used [0x00000000e0b00000,0x00000000e0b00000,0x00000000e2300000)
  from space 3584K, 99% used [0x00000000e2300000,0x00000000e267aee8,0x00000000e2680000)
  to   space 3584K, 0% used [0x00000000e2680000,0x00000000e2680000,0x00000000e2a00000)
 ParOldGen       total 64512K, used 51K [0x00000000a2000000, 0x00000000a5f00000, 0x00000000e0b00000)
  object space 64512K, 0% used [0x00000000a2000000,0x00000000a200cf58,0x00000000a5f00000)
 Metaspace       used 7799K, capacity 7998K, committed 8192K, reserved 1056768K
  class space    used 836K, capacity 934K, committed 1024K, reserved 1048576K
}

Deoptimization events (7 events):
Event: 5.884 Thread 0x0000013be8aa3000 Uncommon trap: reason=unstable_if action=reinterpret pc=0x0000013bea58d890 method=sun.misc.MetaIndex.mayContain(Ljava/lang/String;)Z @ 13
Event: 7.800 Thread 0x0000013be8aa3000 Uncommon trap: reason=unstable_if action=reinterpret pc=0x0000013bea6bfd40 method=java.io.ByteArrayInputStream.read()I @ 8
Event: 7.815 Thread 0x0000013be8aa3000 Uncommon trap: reason=class_check action=maybe_recompile pc=0x0000013bea71f534 method=java.util.regex.Pattern$BmpCharProperty.match(Ljava/util/regex/Matcher;ILjava/lang/CharSequence;)Z @ 31
Event: 7.815 Thread 0x0000013be8aa3000 Uncommon trap: reason=unstable_if action=reinterpret pc=0x0000013bea71f498 method=java.util.regex.Pattern$BmpCharProperty.match(Ljava/util/regex/Matcher;ILjava/lang/CharSequence;)Z @ 5
Event: 9.685 Thread 0x0000013be8aa3000 Uncommon trap: reason=unstable_if action=reinterpret pc=0x0000013bea6396c0 method=java.io.WinNTFileSystem.normalize(Ljava/lang/String;)Ljava/lang/String; @ 128
Event: 9.807 Thread 0x0000013be8aa3000 Uncommon trap: reason=unstable_if action=reinterpret pc=0x0000013bea671dfc method=java.math.BigInteger.addOne([IIII)I @ 55
Event: 9.880 Thread 0x0000013be8aa3000 Uncommon trap: reason=unstable_if action=reinterpret pc=0x0000013bea71a168 method=java.util.jar.Manifest$FastInputStream.readLine([BII)I @ 87

Classes redefined (0 events):
No events

Internal exceptions (9 events):
Event: 0.125 Thread 0x0000013be8aa3000 Exception <a 'java/lang/NoSuchMethodError': Method sun.misc.Unsafe.defineClass(Ljava/lang/String;[BII)Ljava/lang/Class; name or signature does not match> (0x00000000e0b07cc0) thrown at [C:\jenkins\workspace\8-2-build-windows-amd64-cygwin\jdk8u261\295\hots
Event: 0.125 Thread 0x0000013be8aa3000 Exception <a 'java/lang/NoSuchMethodError': Method sun.misc.Unsafe.prefetchRead(Ljava/lang/Object;J)V name or signature does not match> (0x00000000e0b07fa8) thrown at [C:\jenkins\workspace\8-2-build-windows-amd64-cygwin\jdk8u261\295\hotspot\src\share\vm\p
Event: 5.453 Thread 0x0000013be8aa3000 Exception <a 'java/security/PrivilegedActionException'> (0x00000000e16e61f0) thrown at [C:\jenkins\workspace\8-2-build-windows-amd64-cygwin\jdk8u261\295\hotspot\src\share\vm\prims\jvm.cpp, line 1512]
Event: 5.453 Thread 0x0000013be8aa3000 Exception <a 'java/security/PrivilegedActionException'> (0x00000000e16e6400) thrown at [C:\jenkins\workspace\8-2-build-windows-amd64-cygwin\jdk8u261\295\hotspot\src\share\vm\prims\jvm.cpp, line 1512]
Event: 5.463 Thread 0x0000013be8aa3000 Exception <a 'java/security/PrivilegedActionException'> (0x00000000e16ea070) thrown at [C:\jenkins\workspace\8-2-build-windows-amd64-cygwin\jdk8u261\295\hotspot\src\share\vm\prims\jvm.cpp, line 1512]
Event: 5.463 Thread 0x0000013be8aa3000 Exception <a 'java/security/PrivilegedActionException'> (0x00000000e16ea280) thrown at [C:\jenkins\workspace\8-2-build-windows-amd64-cygwin\jdk8u261\295\hotspot\src\share\vm\prims\jvm.cpp, line 1512]
Event: 5.480 Thread 0x0000013be8aa3000 Exception <a 'java/lang/NoClassDefFoundError': org/slf4j/impl/StaticLoggerBinder> (0x00000000e16fed00) thrown at [C:\jenkins\workspace\8-2-build-windows-amd64-cygwin\jdk8u261\295\hotspot\src\share\vm\classfile\systemDictionary.cpp, line 199]
Event: 6.779 Thread 0x0000013be8aa3000 Exception <a 'java/lang/NoSuchFieldError': method resolution failed> (0x00000000e1df9c00) thrown at [C:\jenkins\workspace\8-2-build-windows-amd64-cygwin\jdk8u261\295\hotspot\src\share\vm\prims\methodHandles.cpp, line 1169]
Event: 6.792 Thread 0x0000013be8aa3000 Exception <a 'java/lang/NoSuchFieldError': method resolution failed> (0x00000000e1e07a18) thrown at [C:\jenkins\workspace\8-2-build-windows-amd64-cygwin\jdk8u261\295\hotspot\src\share\vm\prims\methodHandles.cpp, line 1169]

Events (10 events):
Event: 10.359 loading class sun/security/ssl/AbstractTrustManagerWrapper
Event: 10.359 loading class sun/security/ssl/AbstractTrustManagerWrapper done
Event: 10.360 loading class sun/security/provider/SecureRandom$SeederHolder
Event: 10.360 loading class sun/security/provider/SecureRandom$SeederHolder done
Event: 10.360 loading class sun/security/provider/SeedGenerator
Event: 10.360 loading class sun/security/provider/SeedGenerator done
Event: 10.360 loading class sun/security/provider/NativeSeedGenerator
Event: 10.361 loading class sun/security/provider/NativeSeedGenerator done
Event: 10.370 loading class sun/security/provider/SeedGenerator$1
Event: 10.370 loading class sun/security/provider/SeedGenerator$1 done


Dynamic libraries:
0x00007ff7f21f0000 - 0x00007ff7f2237000 	C:\Program Files\Java\jre1.8.0_261\bin\javaw.exe
0x00007ff93fff0000 - 0x00007ff9401e5000 	C:\WINDOWS\SYSTEM32\ntdll.dll
0x00007ff93e6e0000 - 0x00007ff93e79d000 	C:\WINDOWS\System32\KERNEL32.DLL
0x00007ff93da40000 - 0x00007ff93dd08000 	C:\WINDOWS\System32\KERNELBASE.dll
0x00007ff93ee60000 - 0x00007ff93ef0c000 	C:\WINDOWS\System32\ADVAPI32.dll
0x00007ff93edc0000 - 0x00007ff93ee5e000 	C:\WINDOWS\System32\msvcrt.dll
0x00007ff93ebc0000 - 0x00007ff93ec5b000 	C:\WINDOWS\System32\sechost.dll
0x00007ff93e0e0000 - 0x00007ff93e20b000 	C:\WINDOWS\System32\RPCRT4.dll
0x00007ff93fde0000 - 0x00007ff93ff80000 	C:\WINDOWS\System32\USER32.dll
0x00007ff93d730000 - 0x00007ff93d752000 	C:\WINDOWS\System32\win32u.dll
0x00007ff93ed90000 - 0x00007ff93edba000 	C:\WINDOWS\System32\GDI32.dll
0x00007ff93df40000 - 0x00007ff93e04b000 	C:\WINDOWS\System32\gdi32full.dll
0x00007ff93dea0000 - 0x00007ff93df3d000 	C:\WINDOWS\System32\msvcp_win.dll
0x00007ff93dd10000 - 0x00007ff93de10000 	C:\WINDOWS\System32\ucrtbase.dll
0x00007ff929b60000 - 0x00007ff929dfa000 	C:\WINDOWS\WinSxS\amd64_microsoft.windows.common-controls_6595b64144ccf1df_6.0.19041.844_none_ca00b6081b84eb1d\COMCTL32.dll
0x00007ff93ff80000 - 0x00007ff93ffb0000 	C:\WINDOWS\System32\IMM32.DLL
0x00007ff9391d0000 - 0x00007ff9391e5000 	C:\Program Files\Java\jre1.8.0_261\bin\vcruntime140.dll
0x00007ff91ea90000 - 0x00007ff91eb2b000 	C:\Program Files\Java\jre1.8.0_261\bin\msvcp140.dll
0x0000000051670000 - 0x0000000051edc000 	C:\Program Files\Java\jre1.8.0_261\bin\server\jvm.dll
0x00007ff93e060000 - 0x00007ff93e068000 	C:\WINDOWS\System32\PSAPI.DLL
0x00007ff9392e0000 - 0x00007ff9392e9000 	C:\WINDOWS\SYSTEM32\WSOCK32.dll
0x00007ff93e070000 - 0x00007ff93e0db000 	C:\WINDOWS\System32\WS2_32.dll
0x00007ff931410000 - 0x00007ff931437000 	C:\WINDOWS\SYSTEM32\WINMM.dll
0x00007ff931440000 - 0x00007ff93144a000 	C:\WINDOWS\SYSTEM32\VERSION.dll
0x00007ff93b5a0000 - 0x00007ff93b5b2000 	C:\WINDOWS\SYSTEM32\kernel.appcore.dll
0x00007ff9391c0000 - 0x00007ff9391d0000 	C:\Program Files\Java\jre1.8.0_261\bin\verify.dll
0x00007ff933ea0000 - 0x00007ff933ecb000 	C:\Program Files\Java\jre1.8.0_261\bin\java.dll
0x00007ff92efa0000 - 0x00007ff92efd6000 	C:\Program Files\Java\jre1.8.0_261\bin\jdwp.dll
0x00007ff9386a0000 - 0x00007ff9386a9000 	C:\Program Files\Java\jre1.8.0_261\bin\npt.dll
0x00007ff926020000 - 0x00007ff926052000 	C:\Program Files\Java\jre1.8.0_261\bin\instrument.dll
0x00007ff933e80000 - 0x00007ff933e98000 	C:\Program Files\Java\jre1.8.0_261\bin\zip.dll
0x00007ff93f090000 - 0x00007ff93f7d2000 	C:\WINDOWS\System32\SHELL32.dll
0x00007ff93b880000 - 0x00007ff93c010000 	C:\WINDOWS\SYSTEM32\windows.storage.dll
0x00007ff93e7a0000 - 0x00007ff93eaf5000 	C:\WINDOWS\System32\combase.dll
0x00007ff93d0d0000 - 0x00007ff93d0fc000 	C:\WINDOWS\SYSTEM32\Wldp.dll
0x00007ff93fb80000 - 0x00007ff93fc2e000 	C:\WINDOWS\System32\SHCORE.dll
0x00007ff93ef10000 - 0x00007ff93ef65000 	C:\WINDOWS\System32\shlwapi.dll
0x00007ff93d670000 - 0x00007ff93d68f000 	C:\WINDOWS\SYSTEM32\profapi.dll
0x00007ff935d30000 - 0x00007ff935d3a000 	C:\Program Files\Java\jre1.8.0_261\bin\dt_socket.dll
0x00007ff933880000 - 0x00007ff933897000 	C:\WINDOWS\system32\napinsp.dll
0x00007ff933860000 - 0x00007ff93387b000 	C:\WINDOWS\system32\pnrpnsp.dll
0x00007ff9380b0000 - 0x00007ff9380c5000 	C:\WINDOWS\system32\wshbth.dll
0x00007ff9391a0000 - 0x00007ff9391bd000 	C:\WINDOWS\system32\NLAapi.dll
0x00007ff93cb30000 - 0x00007ff93cb6b000 	C:\WINDOWS\SYSTEM32\IPHLPAPI.DLL
0x00007ff93ce40000 - 0x00007ff93ceaa000 	C:\WINDOWS\System32\mswsock.dll
0x00007ff93cb70000 - 0x00007ff93cc3c000 	C:\WINDOWS\SYSTEM32\DNSAPI.dll
0x00007ff93e050000 - 0x00007ff93e058000 	C:\WINDOWS\System32\NSI.dll
0x00007ff933840000 - 0x00007ff933852000 	C:\WINDOWS\System32\winrnr.dll
0x00007ff931480000 - 0x00007ff9314ff000 	C:\WINDOWS\System32\fwpuclnt.dll
0x00007ff93de70000 - 0x00007ff93de97000 	C:\WINDOWS\System32\bcrypt.dll
0x00007ff931400000 - 0x00007ff93140a000 	C:\Windows\System32\rasadhlp.dll
0x00007ff92f540000 - 0x00007ff92f564000 	C:\Program Files\Java\jre1.8.0_261\bin\sunec.dll
0x00007ff933e60000 - 0x00007ff933e7c000 	C:\Program Files\Java\jre1.8.0_261\bin\net.dll
0x00007ff932ad0000 - 0x00007ff932ae7000 	C:\WINDOWS\SYSTEM32\dhcpcsvc6.DLL
0x00007ff933550000 - 0x00007ff93356d000 	C:\WINDOWS\SYSTEM32\dhcpcsvc.DLL
0x00007ff9308c0000 - 0x00007ff9308d3000 	C:\Program Files\Java\jre1.8.0_261\bin\nio.dll
0x00007ff93d020000 - 0x00007ff93d038000 	C:\WINDOWS\SYSTEM32\CRYPTSP.dll
0x00007ff93c7e0000 - 0x00007ff93c814000 	C:\WINDOWS\system32\rsaenh.dll
0x00007ff93d5f0000 - 0x00007ff93d61e000 	C:\WINDOWS\SYSTEM32\USERENV.dll
0x00007ff93d760000 - 0x00007ff93d7e0000 	C:\WINDOWS\System32\bcryptprimitives.dll
0x00007ff93d010000 - 0x00007ff93d01c000 	C:\WINDOWS\SYSTEM32\CRYPTBASE.dll
0x00007ff92b730000 - 0x00007ff92b914000 	C:\WINDOWS\SYSTEM32\dbghelp.dll

VM Arguments:
jvm_args: -agentlib:jdwp=transport=dt_socket,suspend=y,address=localhost:60843 -javaagent:E:\Batch251Selenium\eclipse-java-photon-R-win32-x86_64\eclipse\configuration\org.eclipse.osgi\237\0\.cp\lib\javaagent-shaded.jar -Dfile.encoding=Cp1252 
java_command: SeleniumPracInterviewPreps.Resultcount
java_class_path (initial): C:\Program Files\Java\jre1.8.0_261\lib\resources.jar;C:\Program Files\Java\jre1.8.0_261\lib\rt.jar;C:\Program Files\Java\jre1.8.0_261\lib\jsse.jar;C:\Program Files\Java\jre1.8.0_261\lib\jce.jar;C:\Program Files\Java\jre1.8.0_261\lib\charsets.jar;C:\Program Files\Java\jre1.8.0_261\lib\jfr.jar;C:\Program Files\Java\jre1.8.0_261\lib\ext\access-bridge-64.jar;C:\Program Files\Java\jre1.8.0_261\lib\ext\cldrdata.jar;C:\Program Files\Java\jre1.8.0_261\lib\ext\dnsns.jar;C:\Program Files\Java\jre1.8.0_261\lib\ext\jaccess.jar;C:\Program Files\Java\jre1.8.0_261\lib\ext\jfxrt.jar;C:\Program Files\Java\jre1.8.0_261\lib\ext\localedata.jar;C:\Program Files\Java\jre1.8.0_261\lib\ext\nashorn.jar;C:\Program Files\Java\jre1.8.0_261\lib\ext\sunec.jar;C:\Program Files\Java\jre1.8.0_261\lib\ext\sunjce_provider.jar;C:\Program Files\Java\jre1.8.0_261\lib\ext\sunmscapi.jar;C:\Program Files\Java\jre1.8.0_261\lib\ext\sunpkcs11.jar;C:\Program Files\Java\jre1.8.0_261\lib\ext\zipfs.jar;E:\Batch251Selenium\Selenium1\seleniumPrac\project\target\test-classes;E:\Batch251Selenium\Selenium1\seleniumPrac\project\target\classes;E:\Batch251Selenium\eclipse-java-photon-R-win32-x86_64\eclipse\plugins\org.testng_7.3.0.r202008060316.jar;E:\Batch251Selenium\eclipse-java-photon-R-win32-x86_64\eclipse\plugins\com.beust.jcommander_1.78.0.jar;E:\Batch251Selenium\eclipse-java-photon-R-win32-x86_64\eclipse\plugins\org.apache-extras.beanshell.bsh_2.0.0.b6.jar;E:\Batch251Selenium\eclipse-java-photon-R-win32-x86_64\eclipse\plugins\org.yaml.snakeyaml_1.21.0.jar;C:\Users\Neha\.m2\repository\org\seleniumhq\selenium\selenium-java\4.0.0-alpha-6\selenium-java-4.0.0-alpha-6.jar;C:\Users\Neha\.m2\repository\org\seleniumhq\selenium\selenium-api\4.0.0-alpha-6\selenium-api-4.0.0-alpha-6.jar;C:\Users\Neha\.m2\repository\org\seleniumhq\selenium\selenium-chrome-driver\4.0.0-alpha-6\selenium-chrome-driver-4.0.0-alpha-6.jar;C:\Users\Neha\.m2\repository\com\google\auto\service\auto-service-annotations\1.0-r
Launcher Type: SUN_STANDARD

Environment Variables:
JAVA_HOME=C:\Program Files\Java\jdk-12.0.1
PATH=C:/Program Files/Java/jre1.8.0_261/bin/server;C:/Program Files/Java/jre1.8.0_261/bin;C:/Program Files/Java/jre1.8.0_261/lib/amd64;C:\Program Files (x86)\Common Files\Oracle\Java\javapath;C:\WINDOWS\system32;C:\WINDOWS;C:\WINDOWS\System32\Wbem;C:\WINDOWS\System32\WindowsPowerShell\v1.0\;C:\Program Files\Java\jdk-12.0.1;C:\Program Files\Java\jdk-12.0.1\bin;C:\WINDOWS\System32\OpenSSH\;C:\strawberry\c\bin;C:\strawberry\perl\bin;C:\Users\Neha\AppData\Local\Android\Sdk\tools\bin;C:\Users\Neha\AppData\Local\Android\Sdk\tools;C:\Users\Neha\AppData\Local\Android\Sdk\platform-tools;C:\Program Files\nodejs\node_modules\npm\bin;C:\Users\Neha\Downloads\apache-maven-3.6.2-src;C:\Users\Neha\Downloads\apache-maven-3.6.2-bin\apache-maven-3.6.2\bin;C:\Users\Neha\Desktop\Maven\apache-maven-3.6.2\bin;C:\Users\Neha\Downloads\apache-ant-1.9.14-bin\apache-ant-1.9.14\bin;C:\Users\Neha\Desktop\Selenium\apache-maven-3.6.3-bin\apache-maven-3.6.3\bin;C:\Users\Neha\Desktop\Selenium\;C:\Program Files (x86)\Java\jre1.8.0_251;C:\Program Files\Java\jdk1.8.0_261\bin;C:\Users\Neha\AppData\Local\Microsoft\WindowsApps;E:\Batch251Selenium\eclipse-java-photon-R-win32-x86_64\eclipse;
USERNAME=Neha
OS=Windows_NT
PROCESSOR_IDENTIFIER=Intel64 Family 6 Model 58 Stepping 9, GenuineIntel



---------------  S Y S T E M  ---------------

OS: Windows 10.0 , 64 bit Build 19041 (10.0.19041.928)

CPU:total 4 (initial active 4) (2 cores per cpu, 2 threads per core) family 6 model 58 stepping 9, cmov, cx8, fxsr, mmx, sse, sse2, sse3, ssse3, sse4.1, sse4.2, popcnt, avx, clmul, erms, ht, tsc, tscinvbit, tscinv

Memory: 4k page, physical 6157156k(913424k free), swap 18912352k(4268k free)

vm_info: Java HotSpot(TM) 64-Bit Server VM (25.261-b12) for windows-amd64 JRE (1.8.0_261-b12), built on Jun 18 2020 06:56:32 by "" with unknown MS VC++:1916

time: Mon Apr 26 19:22:39 2021
timezone: India Standard Time
elapsed time: 12 seconds (0d 0h 0m 12s)

