#
# There is insufficient memory for the Java Runtime Environment to continue.
# Native memory allocation (malloc) failed to allocate 274576 bytes for Chunk::new
# Possible reasons:
#   The system is out of physical RAM or swap space
#   The process is running with CompressedOops enabled, and the Java Heap may be blocking the growth of the native heap
# Possible solutions:
#   Reduce memory load on the system
#   Increase physical memory or swap space
#   Check if swap backing store is full
#   Decrease Java heap size (-Xmx/-Xms)
#   Decrease number of Java threads
#   Decrease Java thread stack sizes (-Xss)
#   Set larger code cache with -XX:ReservedCodeCacheSize=
#   JVM is running with Unscaled Compressed Oops mode in which the Java heap is
#     placed in the first 4GB address space. The Java Heap base address is the
#     maximum limit for the native heap growth. Please use -XX:HeapBaseMinAddress
#     to set the Java Heap base and to place the Java Heap above 4GB virtual address.
# This output file may be truncated or incomplete.
#
#  Out of Memory Error (allocation.cpp:389), pid=18608, tid=0x00000000000046f4
#
# JRE version: Java(TM) SE Runtime Environment (8.0_261-b12) (build 1.8.0_261-b12)
# Java VM: Java HotSpot(TM) 64-Bit Server VM (25.261-b12 mixed mode windows-amd64 compressed oops)
# Failed to write core dump. Minidumps are not enabled by default on client versions of Windows
#

---------------  T H R E A D  ---------------

Current thread (0x000002696dd86800):  JavaThread "C2 CompilerThread0" daemon [_thread_in_native, id=18164, stack(0x000000acbdf00000,0x000000acbe000000)]

Stack: [0x000000acbdf00000,0x000000acbe000000]
Native frames: (J=compiled Java code, j=interpreted, Vv=VM code, C=native code)
V  [jvm.dll+0x33e5f9]
V  [jvm.dll+0x2850e2]
V  [jvm.dll+0x285d8d]
V  [jvm.dll+0x27c895]
V  [jvm.dll+0xe4d6c]
V  [jvm.dll+0xe556c]
V  [jvm.dll+0x49aa36]
V  [jvm.dll+0x446633]
V  [jvm.dll+0x44f8f5]
V  [jvm.dll+0x44ecb5]
V  [jvm.dll+0x439bc7]
V  [jvm.dll+0xbbbcb]
V  [jvm.dll+0xba22b]
V  [jvm.dll+0x24d962]
V  [jvm.dll+0x2a1cfc]
C  [ucrtbase.dll+0x21bb2]
C  [KERNEL32.DLL+0x17034]
C  [ntdll.dll+0x52651]


Current CompileTask:
C2:   3234 1329       4       java.io.WinNTFileSystem::normalize (143 bytes)


---------------  P R O C E S S  ---------------

Java Threads: ( => current thread )
  0x0000026970a5c000 JavaThread "Exec Stream Pumper" daemon [_thread_in_native, id=9976, stack(0x000000acbea00000,0x000000acbeb00000)]
  0x0000026970a5b800 JavaThread "Exec Stream Pumper" daemon [_thread_in_native, id=17764, stack(0x000000acbe900000,0x000000acbea00000)]
  0x0000026970a5f800 JavaThread "ForkJoinPool.commonPool-worker-2" daemon [_thread_blocked, id=5708, stack(0x000000acbe800000,0x000000acbe900000)]
  0x0000026970a5d000 JavaThread "UrlChecker-2" daemon [_thread_in_native, id=16092, stack(0x000000acbe700000,0x000000acbe800000)]
  0x0000026970643000 JavaThread "Exec Default Executor" daemon [_thread_in_native, id=17732, stack(0x000000acbe600000,0x000000acbe700000)]
  0x000002697040f000 JavaThread "AsyncHttpClient-timer-1-1" [_thread_blocked, id=19488, stack(0x000000acbe500000,0x000000acbe600000)]
  0x00000269703db000 JavaThread "ForkJoinPool.commonPool-worker-1" daemon [_thread_blocked, id=4432, stack(0x000000acbe400000,0x000000acbe500000)]
  0x000002696de2d800 JavaThread "Service Thread" daemon [_thread_blocked, id=4060, stack(0x000000acbe200000,0x000000acbe300000)]
  0x000002696dd95000 JavaThread "C1 CompilerThread2" daemon [_thread_blocked, id=14364, stack(0x000000acbe100000,0x000000acbe200000)]
  0x000002696dd8c000 JavaThread "C2 CompilerThread1" daemon [_thread_blocked, id=4908, stack(0x000000acbe000000,0x000000acbe100000)]
=>0x000002696dd86800 JavaThread "C2 CompilerThread0" daemon [_thread_in_native, id=18164, stack(0x000000acbdf00000,0x000000acbe000000)]
  0x000002696dd85800 JavaThread "Attach Listener" daemon [_thread_blocked, id=1388, stack(0x000000acbde00000,0x000000acbdf00000)]
  0x000002696dd85000 JavaThread "Signal Dispatcher" daemon [_thread_blocked, id=3064, stack(0x000000acbdd00000,0x000000acbde00000)]
  0x000002696dd6d000 JavaThread "Finalizer" daemon [_thread_blocked, id=12948, stack(0x000000acbdc00000,0x000000acbdd00000)]
  0x000002696dd44000 JavaThread "Reference Handler" daemon [_thread_blocked, id=312, stack(0x000000acbdb00000,0x000000acbdc00000)]
  0x0000026958ebc800 JavaThread "Forwarding newSession on session null to remote" [_thread_blocked, id=2024, stack(0x000000acbd500000,0x000000acbd600000)]

Other Threads:
  0x000002696dd3b000 VMThread [stack: 0x000000acbda00000,0x000000acbdb00000] [id=18444]
  0x000002696de84800 WatcherThread [stack: 0x000000acbe300000,0x000000acbe400000] [id=604]

VM state:not at safepoint (normal execution)

VM Mutex/Monitor currently owned by a thread: None

heap address: 0x00000000a2000000, size: 1504 MB, Compressed Oops mode: 32-bit
Narrow klass base: 0x0000000000000000, Narrow klass shift: 3
Compressed class space size: 1073741824 Address: 0x0000000100000000

Heap:
 PSYoungGen      total 28160K, used 4298K [0x00000000e0b00000, 0x00000000e4200000, 0x0000000100000000)
  eden space 24576K, 3% used [0x00000000e0b00000,0x00000000e0bb8d50,0x00000000e2300000)
  from space 3584K, 99% used [0x00000000e2300000,0x00000000e2679b38,0x00000000e2680000)
  to   space 3584K, 0% used [0x00000000e3e80000,0x00000000e3e80000,0x00000000e4200000)
 ParOldGen       total 64512K, used 8362K [0x00000000a2000000, 0x00000000a5f00000, 0x00000000e0b00000)
  object space 64512K, 12% used [0x00000000a2000000,0x00000000a282a8e0,0x00000000a5f00000)
 Metaspace       used 16777K, capacity 17076K, committed 17408K, reserved 1064960K
  class space    used 1904K, capacity 1996K, committed 2048K, reserved 1048576K

Card table byte_map: [0x0000026969ca0000,0x0000026969fa0000] byte_map_base: 0x0000026969790000

Marking Bits: (ParMarkBitMap*) 0x0000000064e54fb0
 Begin Bits: [0x000002696a1a0000, 0x000002696b920000)
 End Bits:   [0x000002696b920000, 0x000002696d0a0000)

Polling page: 0x0000026959080000

CodeCache: size=245760Kb used=4831Kb max_used=4831Kb free=240929Kb
 bounds [0x000002695a8e0000, 0x000002695ada0000, 0x00000269698e0000]
 total_blobs=1778 nmethods=1343 adapters=347
 compilation: enabled

Compilation events (10 events):
Event: 3.111 Thread 0x000002696dd95000 1343       3       java.lang.ProcessEnvironment$CheckedEntry::getKey (13 bytes)
Event: 3.111 Thread 0x000002696dd95000 nmethod 1343 0x000002695ad95a50 code [0x000002695ad95bc0, 0x000002695ad95ed0]
Event: 3.111 Thread 0x000002696dd95000 1341       3       jdk.internal.org.objectweb.asm.ClassWriter::newMethodItem (91 bytes)
Event: 3.112 Thread 0x000002696dd95000 nmethod 1341 0x000002695ad95f90 code [0x000002695ad96180, 0x000002695ad96800]
Event: 3.115 Thread 0x000002696dd95000 1344       3       jdk.internal.org.objectweb.asm.ByteVector::enlarge (51 bytes)
Event: 3.116 Thread 0x000002696dd95000 nmethod 1344 0x000002695ad96c50 code [0x000002695ad96dc0, 0x000002695ad970f0]
Event: 3.116 Thread 0x000002696dd95000 1345       3       java.util.regex.Pattern$TreeInfo::reset (21 bytes)
Event: 3.116 Thread 0x000002696dd95000 nmethod 1345 0x000002695ad971d0 code [0x000002695ad97320, 0x000002695ad97498]
Event: 3.123 Thread 0x000002696dd95000 1346       3       java.lang.Integer::parseInt (261 bytes)
Event: 3.125 Thread 0x000002696dd95000 nmethod 1346 0x000002695ad97510 code [0x000002695ad978c0, 0x000002695ad996d0]

GC Heap History (6 events):
Event: 2.115 GC heap before
{Heap before GC invocations=1 (full 0):
 PSYoungGen      total 28160K, used 24576K [0x00000000e0b00000, 0x00000000e2a00000, 0x0000000100000000)
  eden space 24576K, 100% used [0x00000000e0b00000,0x00000000e2300000,0x00000000e2300000)
  from space 3584K, 0% used [0x00000000e2680000,0x00000000e2680000,0x00000000e2a00000)
  to   space 3584K, 0% used [0x00000000e2300000,0x00000000e2300000,0x00000000e2680000)
 ParOldGen       total 64512K, used 0K [0x00000000a2000000, 0x00000000a5f00000, 0x00000000e0b00000)
  object space 64512K, 0% used [0x00000000a2000000,0x00000000a2000000,0x00000000a5f00000)
 Metaspace       used 8362K, capacity 8670K, committed 8832K, reserved 1056768K
  class space    used 916K, capacity 1035K, committed 1152K, reserved 1048576K
Event: 2.122 GC heap after
Heap after GC invocations=1 (full 0):
 PSYoungGen      total 28160K, used 3555K [0x00000000e0b00000, 0x00000000e2a00000, 0x0000000100000000)
  eden space 24576K, 0% used [0x00000000e0b00000,0x00000000e0b00000,0x00000000e2300000)
  from space 3584K, 99% used [0x00000000e2300000,0x00000000e2678e68,0x00000000e2680000)
  to   space 3584K, 0% used [0x00000000e2680000,0x00000000e2680000,0x00000000e2a00000)
 ParOldGen       total 64512K, used 1453K [0x00000000a2000000, 0x00000000a5f00000, 0x00000000e0b00000)
  object space 64512K, 2% used [0x00000000a2000000,0x00000000a216b780,0x00000000a5f00000)
 Metaspace       used 8362K, capacity 8670K, committed 8832K, reserved 1056768K
  class space    used 916K, capacity 1035K, committed 1152K, reserved 1048576K
}
Event: 2.678 GC heap before
{Heap before GC invocations=2 (full 0):
 PSYoungGen      total 28160K, used 28131K [0x00000000e0b00000, 0x00000000e2a00000, 0x0000000100000000)
  eden space 24576K, 100% used [0x00000000e0b00000,0x00000000e2300000,0x00000000e2300000)
  from space 3584K, 99% used [0x00000000e2300000,0x00000000e2678e68,0x00000000e2680000)
  to   space 3584K, 0% used [0x00000000e2680000,0x00000000e2680000,0x00000000e2a00000)
 ParOldGen       total 64512K, used 1453K [0x00000000a2000000, 0x00000000a5f00000, 0x00000000e0b00000)
  object space 64512K, 2% used [0x00000000a2000000,0x00000000a216b780,0x00000000a5f00000)
 Metaspace       used 12487K, capacity 12756K, committed 13056K, reserved 1060864K
  class space    used 1332K, capacity 1438K, committed 1536K, reserved 1048576K
Event: 2.689 GC heap after
Heap after GC invocations=2 (full 0):
 PSYoungGen      total 28160K, used 3558K [0x00000000e0b00000, 0x00000000e4200000, 0x0000000100000000)
  eden space 24576K, 0% used [0x00000000e0b00000,0x00000000e0b00000,0x00000000e2300000)
  from space 3584K, 99% used [0x00000000e2680000,0x00000000e29f9b08,0x00000000e2a00000)
  to   space 3584K, 0% used [0x00000000e2300000,0x00000000e2300000,0x00000000e2680000)
 ParOldGen       total 64512K, used 4840K [0x00000000a2000000, 0x00000000a5f00000, 0x00000000e0b00000)
  object space 64512K, 7% used [0x00000000a2000000,0x00000000a24ba338,0x00000000a5f00000)
 Metaspace       used 12487K, capacity 12756K, committed 13056K, reserved 1060864K
  class space    used 1332K, capacity 1438K, committed 1536K, reserved 1048576K
}
Event: 3.126 GC heap before
{Heap before GC invocations=3 (full 0):
 PSYoungGen      total 28160K, used 28134K [0x00000000e0b00000, 0x00000000e4200000, 0x0000000100000000)
  eden space 24576K, 100% used [0x00000000e0b00000,0x00000000e2300000,0x00000000e2300000)
  from space 3584K, 99% used [0x00000000e2680000,0x00000000e29f9b08,0x00000000e2a00000)
  to   space 3584K, 0% used [0x00000000e2300000,0x00000000e2300000,0x00000000e2680000)
 ParOldGen       total 64512K, used 4840K [0x00000000a2000000, 0x00000000a5f00000, 0x00000000e0b00000)
  object space 64512K, 7% used [0x00000000a2000000,0x00000000a24ba338,0x00000000a5f00000)
 Metaspace       used 16773K, capacity 17076K, committed 17408K, reserved 1064960K
  class space    used 1903K, capacity 1996K, committed 2048K, reserved 1048576K
Event: 3.137 GC heap after
Heap after GC invocations=3 (full 0):
 PSYoungGen      total 28160K, used 3558K [0x00000000e0b00000, 0x00000000e4200000, 0x0000000100000000)
  eden space 24576K, 0% used [0x00000000e0b00000,0x00000000e0b00000,0x00000000e2300000)
  from space 3584K, 99% used [0x00000000e2300000,0x00000000e2679b38,0x00000000e2680000)
  to   space 3584K, 0% used [0x00000000e3e80000,0x00000000e3e80000,0x00000000e4200000)
 ParOldGen       total 64512K, used 8362K [0x00000000a2000000, 0x00000000a5f00000, 0x00000000e0b00000)
  object space 64512K, 12% used [0x00000000a2000000,0x00000000a282a8e0,0x00000000a5f00000)
 Metaspace       used 16773K, capacity 17076K, committed 17408K, reserved 1064960K
  class space    used 1903K, capacity 1996K, committed 2048K, reserved 1048576K
}

Deoptimization events (10 events):
Event: 2.651 Thread 0x0000026958ebc800 Uncommon trap: reason=bimorphic action=maybe_recompile pc=0x000002695ac3eed4 method=java.util.HashMap.putVal(ILjava/lang/Object;Ljava/lang/Object;ZZ)Ljava/lang/Object; @ 91
Event: 2.651 Thread 0x0000026958ebc800 Uncommon trap: reason=bimorphic action=maybe_recompile pc=0x000002695ac3eed4 method=java.util.HashMap.putVal(ILjava/lang/Object;Ljava/lang/Object;ZZ)Ljava/lang/Object; @ 91
Event: 2.651 Thread 0x0000026958ebc800 Uncommon trap: reason=bimorphic action=maybe_recompile pc=0x000002695ac3eed4 method=java.util.HashMap.putVal(ILjava/lang/Object;Ljava/lang/Object;ZZ)Ljava/lang/Object; @ 91
Event: 2.674 Thread 0x0000026958ebc800 Uncommon trap: reason=unstable_if action=reinterpret pc=0x000002695ab3e9f8 method=java.lang.Integer.parseInt(Ljava/lang/String;I)I @ 122
Event: 2.747 Thread 0x0000026958ebc800 Uncommon trap: reason=class_check action=maybe_recompile pc=0x000002695abe8e64 method=java.util.regex.Pattern$Curly.match(Ljava/util/regex/Matcher;ILjava/lang/CharSequence;)Z @ 19
Event: 2.747 Thread 0x0000026958ebc800 Uncommon trap: reason=class_check action=maybe_recompile pc=0x000002695abe8e64 method=java.util.regex.Pattern$Curly.match(Ljava/util/regex/Matcher;ILjava/lang/CharSequence;)Z @ 19
Event: 2.747 Thread 0x0000026958ebc800 Uncommon trap: reason=class_check action=maybe_recompile pc=0x000002695abe8e64 method=java.util.regex.Pattern$Curly.match(Ljava/util/regex/Matcher;ILjava/lang/CharSequence;)Z @ 19
Event: 2.747 Thread 0x0000026958ebc800 Uncommon trap: reason=class_check action=maybe_recompile pc=0x000002695abe8e64 method=java.util.regex.Pattern$Curly.match(Ljava/util/regex/Matcher;ILjava/lang/CharSequence;)Z @ 19
Event: 2.757 Thread 0x0000026958ebc800 Uncommon trap: reason=unstable_if action=reinterpret pc=0x000002695ad2608c method=java.io.WinNTFileSystem.isLetter(C)Z @ 3
Event: 3.098 Thread 0x0000026958ebc800 Uncommon trap: reason=unstable_if action=reinterpret pc=0x000002695aaaecd0 method=java.lang.String.replace(CC)Ljava/lang/String; @ 2

Classes redefined (0 events):
No events

Internal exceptions (10 events):
Event: 0.369 Thread 0x0000026958ebc800 Exception <a 'java/security/PrivilegedActionException'> (0x00000000e0e55df8) thrown at [C:\jenkins\workspace\8-2-build-windows-amd64-cygwin\jdk8u261\295\hotspot\src\share\vm\prims\jvm.cpp, line 1512]
Event: 0.644 Thread 0x0000026958ebc800 Exception <a 'java/lang/NoSuchFieldError': method resolution failed> (0x00000000e131e6c0) thrown at [C:\jenkins\workspace\8-2-build-windows-amd64-cygwin\jdk8u261\295\hotspot\src\share\vm\prims\methodHandles.cpp, line 1169]
Event: 0.647 Thread 0x0000026958ebc800 Exception <a 'java/lang/NoSuchFieldError': method resolution failed> (0x00000000e132ba60) thrown at [C:\jenkins\workspace\8-2-build-windows-amd64-cygwin\jdk8u261\295\hotspot\src\share\vm\prims\methodHandles.cpp, line 1169]
Event: 2.509 Thread 0x0000026958ebc800 Exception <a 'java/lang/NoSuchMethodError': java.lang.Object.lambda$create$0(Lorg/openqa/selenium/remote/http/HttpClient$Factory;)Z> (0x00000000e1a8f840) thrown at [C:\jenkins\workspace\8-2-build-windows-amd64-cygwin\jdk8u261\295\hotspot\src\share\vm\inte
Event: 2.509 Thread 0x0000026958ebc800 Exception <a 'java/lang/NoSuchMethodError': java.lang.Object.lambda$create$1(Ljava/lang/String;Lorg/openqa/selenium/remote/http/HttpClient$Factory;)Z> (0x00000000e1a928c0) thrown at [C:\jenkins\workspace\8-2-build-windows-amd64-cygwin\jdk8u261\295\hotspot
Event: 2.700 Thread 0x0000026958ebc800 Exception <a 'java/lang/NoSuchMethodError': java.lang.Object.lambda$static$0(Lorg/asynchttpclient/uri/Uri;)Lorg/asynchttpclient/proxy/ProxyServer;> (0x00000000e0bd8a38) thrown at [C:\jenkins\workspace\8-2-build-windows-amd64-cygwin\jdk8u261\295\hotspot\sr
Event: 2.708 Thread 0x0000026958ebc800 Exception <a 'java/lang/NoClassDefFoundError': org/apache/logging/log4j/spi/ExtendedLoggerWrapper> (0x00000000e0c6a0b8) thrown at [C:\jenkins\workspace\8-2-build-windows-amd64-cygwin\jdk8u261\295\hotspot\src\share\vm\classfile\systemDictionary.cpp, line 1
Event: 2.708 Thread 0x0000026958ebc800 Exception <a 'java/lang/NoClassDefFoundError'> (0x00000000e0c6a0b8) thrown at [C:\jenkins\workspace\8-2-build-windows-amd64-cygwin\jdk8u261\295\hotspot\src\share\vm\prims\jvm.cpp, line 1516]
Event: 2.709 Thread 0x0000026958ebc800 Exception <a 'java/lang/NoClassDefFoundError': org/apache/log4j/Priority> (0x00000000e0c86a08) thrown at [C:\jenkins\workspace\8-2-build-windows-amd64-cygwin\jdk8u261\295\hotspot\src\share\vm\classfile\systemDictionary.cpp, line 199]
Event: 3.026 Thread 0x0000026958ebc800 Exception <a 'java/lang/NoSuchMethodError': java.lang.Object.lambda$andFinally$1(Lorg/openqa/selenium/remote/http/HttpHandler;Lorg/openqa/selenium/remote/http/HttpRequest;)Lorg/openqa/selenium/remote/http/HttpResponse;> (0x00000000e1e0c328) thrown at [C:\

Events (10 events):
Event: 3.122 loading class sun/net/www/http/HttpCapture$1
Event: 3.122 loading class sun/net/www/http/HttpCapture$1 done
Event: 3.122 loading class java/net/SocksSocketImpl$3
Event: 3.122 loading class java/net/SocksSocketImpl$3 done
Event: 3.126 Executing VM operation: ParallelGCFailedAllocation
Event: 3.137 Executing VM operation: ParallelGCFailedAllocation done
Event: 3.138 loading class sun/security/ssl/SecureKey
Event: 3.138 loading class sun/security/ssl/SecureKey done
Event: 3.138 loading class java/util/concurrent/ConcurrentHashMap$KeyIterator
Event: 3.138 loading class java/util/concurrent/ConcurrentHashMap$KeyIterator done


Dynamic libraries:
0x00007ff772930000 - 0x00007ff772977000 	C:\Program Files\Java\jre1.8.0_261\bin\javaw.exe
0x00007ff9bcc50000 - 0x00007ff9bce45000 	C:\WINDOWS\SYSTEM32\ntdll.dll
0x00007ff9bb470000 - 0x00007ff9bb52d000 	C:\WINDOWS\System32\KERNEL32.DLL
0x00007ff9ba390000 - 0x00007ff9ba658000 	C:\WINDOWS\System32\KERNELBASE.dll
0x00007ff9bb920000 - 0x00007ff9bb9cc000 	C:\WINDOWS\System32\ADVAPI32.dll
0x00007ff9bb040000 - 0x00007ff9bb0de000 	C:\WINDOWS\System32\msvcrt.dll
0x00007ff9bacc0000 - 0x00007ff9bad5b000 	C:\WINDOWS\System32\sechost.dll
0x00007ff9bba80000 - 0x00007ff9bbbab000 	C:\WINDOWS\System32\RPCRT4.dll
0x00007ff9bc490000 - 0x00007ff9bc630000 	C:\WINDOWS\System32\USER32.dll
0x00007ff9ba850000 - 0x00007ff9ba872000 	C:\WINDOWS\System32\win32u.dll
0x00007ff9bb0e0000 - 0x00007ff9bb10a000 	C:\WINDOWS\System32\GDI32.dll
0x00007ff9baab0000 - 0x00007ff9babbb000 	C:\WINDOWS\System32\gdi32full.dll
0x00007ff9bac20000 - 0x00007ff9bacbd000 	C:\WINDOWS\System32\msvcp_win.dll
0x00007ff9ba9b0000 - 0x00007ff9baab0000 	C:\WINDOWS\System32\ucrtbase.dll
0x00007ff9a8560000 - 0x00007ff9a87fa000 	C:\WINDOWS\WinSxS\amd64_microsoft.windows.common-controls_6595b64144ccf1df_6.0.19041.844_none_ca00b6081b84eb1d\COMCTL32.dll
0x00007ff9bc630000 - 0x00007ff9bc660000 	C:\WINDOWS\System32\IMM32.DLL
0x00007ff9b3280000 - 0x00007ff9b3295000 	C:\Program Files\Java\jre1.8.0_261\bin\vcruntime140.dll
0x00007ff986d00000 - 0x00007ff986d9b000 	C:\Program Files\Java\jre1.8.0_261\bin\msvcp140.dll
0x0000000064660000 - 0x0000000064ecc000 	C:\Program Files\Java\jre1.8.0_261\bin\server\jvm.dll
0x00007ff9bc480000 - 0x00007ff9bc488000 	C:\WINDOWS\System32\PSAPI.DLL
0x00007ff9b13d0000 - 0x00007ff9b13da000 	C:\WINDOWS\SYSTEM32\VERSION.dll
0x00007ff9b0500000 - 0x00007ff9b0527000 	C:\WINDOWS\SYSTEM32\WINMM.dll
0x00007ff9b59d0000 - 0x00007ff9b59d9000 	C:\WINDOWS\SYSTEM32\WSOCK32.dll
0x00007ff9bafd0000 - 0x00007ff9bb03b000 	C:\WINDOWS\System32\WS2_32.dll
0x00007ff9b82e0000 - 0x00007ff9b82f2000 	C:\WINDOWS\SYSTEM32\kernel.appcore.dll
0x00007ff9b5470000 - 0x00007ff9b5480000 	C:\Program Files\Java\jre1.8.0_261\bin\verify.dll
0x00007ff9af480000 - 0x00007ff9af4ab000 	C:\Program Files\Java\jre1.8.0_261\bin\java.dll
0x00007ff9b2210000 - 0x00007ff9b2228000 	C:\Program Files\Java\jre1.8.0_261\bin\zip.dll
0x00007ff9bbd40000 - 0x00007ff9bc47f000 	C:\WINDOWS\System32\SHELL32.dll
0x00007ff9b84e0000 - 0x00007ff9b8c70000 	C:\WINDOWS\SYSTEM32\windows.storage.dll
0x00007ff9bb110000 - 0x00007ff9bb465000 	C:\WINDOWS\System32\combase.dll
0x00007ff9b9d30000 - 0x00007ff9b9d5c000 	C:\WINDOWS\SYSTEM32\Wldp.dll
0x00007ff9bb9d0000 - 0x00007ff9bba7e000 	C:\WINDOWS\System32\SHCORE.dll
0x00007ff9bae90000 - 0x00007ff9baee5000 	C:\WINDOWS\System32\shlwapi.dll
0x00007ff9ba2d0000 - 0x00007ff9ba2ef000 	C:\WINDOWS\SYSTEM32\profapi.dll
0x00007ff99e770000 - 0x00007ff99e794000 	C:\Program Files\Java\jre1.8.0_261\bin\sunec.dll
0x00007ff9af440000 - 0x00007ff9af45c000 	C:\Program Files\Java\jre1.8.0_261\bin\net.dll
0x00007ff9b9aa0000 - 0x00007ff9b9b0a000 	C:\WINDOWS\system32\mswsock.dll
0x00007ff9b9790000 - 0x00007ff9b97cb000 	C:\WINDOWS\SYSTEM32\IPHLPAPI.DLL
0x00007ff9bad60000 - 0x00007ff9bad68000 	C:\WINDOWS\System32\NSI.dll
0x00007ff9b1ee0000 - 0x00007ff9b1ef7000 	C:\WINDOWS\SYSTEM32\dhcpcsvc6.DLL
0x00007ff9b27f0000 - 0x00007ff9b280d000 	C:\WINDOWS\SYSTEM32\dhcpcsvc.DLL
0x00007ff9b97d0000 - 0x00007ff9b989c000 	C:\WINDOWS\SYSTEM32\DNSAPI.dll
0x00007ff9ab900000 - 0x00007ff9ab913000 	C:\Program Files\Java\jre1.8.0_261\bin\nio.dll
0x00007ff9b9c70000 - 0x00007ff9b9c88000 	C:\WINDOWS\SYSTEM32\CRYPTSP.dll
0x00007ff9b9440000 - 0x00007ff9b9474000 	C:\WINDOWS\system32\rsaenh.dll
0x00007ff9ba980000 - 0x00007ff9ba9a7000 	C:\WINDOWS\System32\bcrypt.dll
0x00007ff9ba290000 - 0x00007ff9ba2be000 	C:\WINDOWS\SYSTEM32\USERENV.dll
0x00007ff9ba7c0000 - 0x00007ff9ba843000 	C:\WINDOWS\System32\bcryptprimitives.dll
0x00007ff9b9c90000 - 0x00007ff9b9c9c000 	C:\WINDOWS\SYSTEM32\CRYPTBASE.dll
0x00007ff9b04d0000 - 0x00007ff9b04da000 	C:\Windows\System32\rasadhlp.dll
0x00007ff9b13f0000 - 0x00007ff9b146f000 	C:\WINDOWS\System32\fwpuclnt.dll
0x00007ff9b3330000 - 0x00007ff9b3514000 	C:\WINDOWS\SYSTEM32\dbghelp.dll

VM Arguments:
jvm_args: -Dfile.encoding=Cp1252 
java_command: Test.AutomationTest
java_class_path (initial): C:\Program Files\Java\jre1.8.0_261\lib\resources.jar;C:\Program Files\Java\jre1.8.0_261\lib\rt.jar;C:\Program Files\Java\jre1.8.0_261\lib\jsse.jar;C:\Program Files\Java\jre1.8.0_261\lib\jce.jar;C:\Program Files\Java\jre1.8.0_261\lib\charsets.jar;C:\Program Files\Java\jre1.8.0_261\lib\jfr.jar;C:\Program Files\Java\jre1.8.0_261\lib\ext\access-bridge-64.jar;C:\Program Files\Java\jre1.8.0_261\lib\ext\cldrdata.jar;C:\Program Files\Java\jre1.8.0_261\lib\ext\dnsns.jar;C:\Program Files\Java\jre1.8.0_261\lib\ext\jaccess.jar;C:\Program Files\Java\jre1.8.0_261\lib\ext\jfxrt.jar;C:\Program Files\Java\jre1.8.0_261\lib\ext\localedata.jar;C:\Program Files\Java\jre1.8.0_261\lib\ext\nashorn.jar;C:\Program Files\Java\jre1.8.0_261\lib\ext\sunec.jar;C:\Program Files\Java\jre1.8.0_261\lib\ext\sunjce_provider.jar;C:\Program Files\Java\jre1.8.0_261\lib\ext\sunmscapi.jar;C:\Program Files\Java\jre1.8.0_261\lib\ext\sunpkcs11.jar;C:\Program Files\Java\jre1.8.0_261\lib\ext\zipfs.jar;E:\Batch251Selenium\Selenium1\seleniumPrac\project\target\test-classes;E:\Batch251Selenium\Selenium1\seleniumPrac\project\target\classes;E:\Batch251Selenium\eclipse-java-photon-R-win32-x86_64\eclipse\plugins\org.testng_7.3.0.r202008060316.jar;E:\Batch251Selenium\eclipse-java-photon-R-win32-x86_64\eclipse\plugins\com.beust.jcommander_1.78.0.jar;E:\Batch251Selenium\eclipse-java-photon-R-win32-x86_64\eclipse\plugins\org.apache-extras.beanshell.bsh_2.0.0.b6.jar;E:\Batch251Selenium\eclipse-java-photon-R-win32-x86_64\eclipse\plugins\org.yaml.snakeyaml_1.21.0.jar;C:\Users\Neha\.m2\repository\org\seleniumhq\selenium\selenium-java\4.0.0-alpha-6\selenium-java-4.0.0-alpha-6.jar;C:\Users\Neha\.m2\repository\org\seleniumhq\selenium\selenium-api\4.0.0-alpha-6\selenium-api-4.0.0-alpha-6.jar;C:\Users\Neha\.m2\repository\org\seleniumhq\selenium\selenium-chrome-driver\4.0.0-alpha-6\selenium-chrome-driver-4.0.0-alpha-6.jar;C:\Users\Neha\.m2\repository\com\google\auto\service\auto-service-annotations\1.0-r
Launcher Type: SUN_STANDARD

Environment Variables:
JAVA_HOME=C:\Program Files\Java\jdk-12.0.1
PATH=C:/Program Files/Java/jre1.8.0_261/bin/server;C:/Program Files/Java/jre1.8.0_261/bin;C:/Program Files/Java/jre1.8.0_261/lib/amd64;C:\Program Files (x86)\Common Files\Oracle\Java\javapath;C:\WINDOWS\system32;C:\WINDOWS;C:\WINDOWS\System32\Wbem;C:\WINDOWS\System32\WindowsPowerShell\v1.0\;C:\Program Files\Java\jdk-12.0.1;C:\Program Files\Java\jdk-12.0.1\bin;C:\WINDOWS\System32\OpenSSH\;C:\strawberry\c\bin;C:\strawberry\perl\bin;C:\Users\Neha\AppData\Local\Android\Sdk\tools\bin;C:\Users\Neha\AppData\Local\Android\Sdk\tools;C:\Users\Neha\AppData\Local\Android\Sdk\platform-tools;C:\Program Files\nodejs\node_modules\npm\bin;C:\Users\Neha\Downloads\apache-maven-3.6.2-src;C:\Users\Neha\Downloads\apache-maven-3.6.2-bin\apache-maven-3.6.2\bin;C:\Users\Neha\Desktop\Maven\apache-maven-3.6.2\bin;C:\Users\Neha\Downloads\apache-ant-1.9.14-bin\apache-ant-1.9.14\bin;C:\Users\Neha\Desktop\Selenium\apache-maven-3.6.3-bin\apache-maven-3.6.3\bin;C:\Users\Neha\Desktop\Selenium\;C:\Program Files (x86)\Java\jre1.8.0_251;C:\Program Files\Java\jdk1.8.0_261\bin;C:\Program Files (x86)\Git\cmd;C:\Users\Neha\AppData\Local\Microsoft\WindowsApps;C:\Users\Neha\AppData\Local\GitHubDesktop\bin;E:\Batch251Selenium\eclipse-java-photon-R-win32-x86_64\eclipse;
USERNAME=Neha
OS=Windows_NT
PROCESSOR_IDENTIFIER=Intel64 Family 6 Model 58 Stepping 9, GenuineIntel



---------------  S Y S T E M  ---------------

OS: Windows 10.0 , 64 bit Build 19041 (10.0.19041.1023)

CPU:total 4 (initial active 4) (2 cores per cpu, 2 threads per core) family 6 model 58 stepping 9, cmov, cx8, fxsr, mmx, sse, sse2, sse3, ssse3, sse4.1, sse4.2, popcnt, avx, clmul, erms, ht, tsc, tscinvbit, tscinv

Memory: 4k page, physical 6157156k(480424k free), swap 18912352k(2696k free)

vm_info: Java HotSpot(TM) 64-Bit Server VM (25.261-b12) for windows-amd64 JRE (1.8.0_261-b12), built on Jun 18 2020 06:56:32 by "" with unknown MS VC++:1916

time: Tue May 25 01:09:59 2021
timezone: India Standard Time
elapsed time: 3 seconds (0d 0h 0m 3s)

